::1 - - [24/Jan/2018:12:07:55 -0700] "GET / HTTP/1.1" 200 1599
::1 - - [24/Jan/2018:12:07:55 -0700] "GET /?getimg=title HTTP/1.1" 200 6119
::1 - - [24/Jan/2018:12:07:55 -0700] "GET /?getimg=folder HTTP/1.1" 200 537
::1 - - [24/Jan/2018:12:07:55 -0700] "GET /?getimg=favicon HTTP/1.1" 200 5430
::1 - - [24/Jan/2018:12:10:14 -0700] "GET /my-app HTTP/1.1" 301 332
::1 - - [24/Jan/2018:12:10:14 -0700] "GET /my-app/ HTTP/1.1" 200 1397
::1 - - [24/Jan/2018:12:10:14 -0700] "GET /my-app/css/style33.css HTTP/1.1" 200 1043
::1 - - [24/Jan/2018:12:10:14 -0700] "GET /favicon.ico HTTP/1.1" 404 309
::1 - - [24/Jan/2018:12:11:57 -0700] "GET /my-app/ HTTP/1.1" 200 1446
::1 - - [24/Jan/2018:12:15:50 -0700] "GET /my-app/ HTTP/1.1" 200 3473
::1 - - [24/Jan/2018:12:16:07 -0700] "GET /my-app/ HTTP/1.1" 200 3473
::1 - - [24/Jan/2018:12:16:08 -0700] "GET /my-app/ HTTP/1.1" 200 3473
::1 - - [24/Jan/2018:12:16:08 -0700] "GET /my-app/ HTTP/1.1" 200 3473
::1 - - [24/Jan/2018:12:16:08 -0700] "GET /my-app/ HTTP/1.1" 200 3473
::1 - - [24/Jan/2018:12:16:09 -0700] "GET /my-app/ HTTP/1.1" 200 3473
::1 - - [24/Jan/2018:12:16:27 -0700] "GET /my-app/ HTTP/1.1" 200 3469
::1 - - [24/Jan/2018:12:16:28 -0700] "GET /my-app/ HTTP/1.1" 200 3469
::1 - - [24/Jan/2018:12:16:28 -0700] "GET /my-app/ HTTP/1.1" 200 3469
::1 - - [24/Jan/2018:12:16:45 -0700] "GET /my-app/ HTTP/1.1" 200 3487
::1 - - [24/Jan/2018:12:18:02 -0700] "GET /my-app/ HTTP/1.1" 200 3487
::1 - - [24/Jan/2018:12:18:25 -0700] "GET /my-app/ HTTP/1.1" 200 3486
::1 - - [24/Jan/2018:12:18:27 -0700] "GET /my-app/index.php HTTP/1.1" 200 3486
::1 - - [24/Jan/2018:12:18:28 -0700] "GET /my-app/index.php HTTP/1.1" 200 3486
::1 - - [24/Jan/2018:12:20:26 -0700] "GET / HTTP/1.1" 200 1599
::1 - - [24/Jan/2018:12:20:26 -0700] "GET /?getimg=title HTTP/1.1" 200 6119
::1 - - [24/Jan/2018:12:20:26 -0700] "GET /?getimg=folder HTTP/1.1" 200 537
::1 - - [24/Jan/2018:12:20:28 -0700] "GET /my-app/ HTTP/1.1" 200 3486
::1 - - [24/Jan/2018:12:24:23 -0700] "GET /my-app/ HTTP/1.1" 200 3494
::1 - - [24/Jan/2018:12:24:24 -0700] "GET /my-app/ HTTP/1.1" 200 3494
::1 - - [24/Jan/2018:12:24:24 -0700] "GET /my-app/ HTTP/1.1" 200 3494
::1 - - [24/Jan/2018:12:24:24 -0700] "GET /my-app/ HTTP/1.1" 200 3494
::1 - - [24/Jan/2018:12:24:24 -0700] "GET /my-app/ HTTP/1.1" 200 3494
::1 - - [24/Jan/2018:12:24:34 -0700] "GET / HTTP/1.1" 200 1599
::1 - - [24/Jan/2018:12:24:34 -0700] "GET /?getimg=title HTTP/1.1" 200 6119
::1 - - [24/Jan/2018:12:24:34 -0700] "GET /?getimg=folder HTTP/1.1" 200 537
::1 - - [24/Jan/2018:12:24:37 -0700] "GET /my-app/ HTTP/1.1" 200 3494
::1 - - [24/Jan/2018:12:33:18 -0700] "GET /my-app/ HTTP/1.1" 200 3494
::1 - - [24/Jan/2018:12:33:19 -0700] "GET /my-app/ HTTP/1.1" 200 3494
::1 - - [24/Jan/2018:12:33:20 -0700] "GET /my-app/ HTTP/1.1" 200 3494
::1 - - [24/Jan/2018:12:33:20 -0700] "GET /my-app/ HTTP/1.1" 200 3494
::1 - - [24/Jan/2018:12:33:20 -0700] "GET /my-app/ HTTP/1.1" 200 3494
::1 - - [24/Jan/2018:12:33:20 -0700] "GET /my-app/ HTTP/1.1" 200 3494
::1 - - [24/Jan/2018:12:33:38 -0700] "GET /my-app/ HTTP/1.1" 200 3494
::1 - - [24/Jan/2018:12:33:38 -0700] "GET /my-app/ HTTP/1.1" 200 3494
::1 - - [24/Jan/2018:12:33:39 -0700] "GET /my-app/ HTTP/1.1" 200 3494
::1 - - [24/Jan/2018:12:33:51 -0700] "GET /my-app/index.php HTTP/1.1" 200 3494
::1 - - [24/Jan/2018:12:33:52 -0700] "GET /my-app/index.php HTTP/1.1" 200 3494
::1 - - [24/Jan/2018:12:33:55 -0700] "GET /my-app/index.php HTTP/1.1" 200 3494
::1 - - [24/Jan/2018:12:34:00 -0700] "GET / HTTP/1.1" 200 1599
::1 - - [24/Jan/2018:12:34:00 -0700] "GET /?getimg=title HTTP/1.1" 200 6119
::1 - - [24/Jan/2018:12:34:00 -0700] "GET /?getimg=folder HTTP/1.1" 200 537
::1 - - [24/Jan/2018:12:34:01 -0700] "GET /my-app/ HTTP/1.1" 200 3494
::1 - - [24/Jan/2018:12:36:04 -0700] "GET /my-app/ HTTP/1.1" 200 3494
::1 - - [24/Jan/2018:12:36:05 -0700] "GET /my-app/ HTTP/1.1" 200 3494
::1 - - [24/Jan/2018:12:36:54 -0700] "GET /my-app/ HTTP/1.1" 200 3494
::1 - - [24/Jan/2018:12:36:55 -0700] "GET /my-app/ HTTP/1.1" 200 3494
::1 - - [24/Jan/2018:12:36:55 -0700] "GET /my-app/ HTTP/1.1" 200 3494
::1 - - [24/Jan/2018:12:37:07 -0700] "GET /my-app/ HTTP/1.1" 200 3494
::1 - - [24/Jan/2018:12:37:15 -0700] "GET /my-app/ HTTP/1.1" 200 3494
::1 - - [24/Jan/2018:12:37:16 -0700] "GET /my-app/index.php HTTP/1.1" 200 3494
::1 - - [24/Jan/2018:12:37:17 -0700] "GET /my-app/index.php HTTP/1.1" 200 3494
::1 - - [24/Jan/2018:12:37:17 -0700] "GET /my-app/index.php HTTP/1.1" 200 3494
::1 - - [24/Jan/2018:12:37:18 -0700] "GET /my-app/index.php HTTP/1.1" 200 3494
::1 - - [24/Jan/2018:12:37:18 -0700] "GET /my-app/index.php HTTP/1.1" 200 3494
::1 - - [24/Jan/2018:12:37:18 -0700] "GET /my-app/index.php HTTP/1.1" 200 3494
::1 - - [24/Jan/2018:12:37:18 -0700] "GET /my-app/index.php HTTP/1.1" 200 3494
::1 - - [24/Jan/2018:12:37:59 -0700] "GET / HTTP/1.1" 200 1599
::1 - - [24/Jan/2018:12:37:59 -0700] "GET /?getimg=title HTTP/1.1" 200 6119
::1 - - [24/Jan/2018:12:37:59 -0700] "GET /?getimg=folder HTTP/1.1" 200 537
::1 - - [24/Jan/2018:12:38:01 -0700] "GET /my-app/ HTTP/1.1" 200 3494
::1 - - [24/Jan/2018:12:40:21 -0700] "GET /my-app/ HTTP/1.1" 200 3494
::1 - - [24/Jan/2018:12:40:21 -0700] "GET /my-app/ HTTP/1.1" 200 3494
::1 - - [24/Jan/2018:12:40:21 -0700] "GET /my-app/ HTTP/1.1" 200 3494
::1 - - [24/Jan/2018:12:40:32 -0700] "GET /my-app/ HTTP/1.1" 200 1338
::1 - - [24/Jan/2018:12:41:16 -0700] "GET /my-app/ HTTP/1.1" 200 1445
::1 - - [24/Jan/2018:12:47:40 -0700] "GET /my-app/ HTTP/1.1" 200 1507
::1 - - [27/Jan/2018:11:14:26 -0700] "GET / HTTP/1.1" 200 1599
::1 - - [27/Jan/2018:11:14:26 -0700] "GET /?getimg=title HTTP/1.1" 200 6119
::1 - - [27/Jan/2018:11:14:26 -0700] "GET /?getimg=folder HTTP/1.1" 200 537
::1 - - [27/Jan/2018:11:14:26 -0700] "GET /?getimg=favicon HTTP/1.1" 200 5430
::1 - - [27/Jan/2018:11:14:28 -0700] "GET /my-app HTTP/1.1" 301 332
::1 - - [27/Jan/2018:11:14:28 -0700] "GET /my-app/ HTTP/1.1" 200 1499
::1 - - [27/Jan/2018:11:14:28 -0700] "GET /my-app/css/style33.css HTTP/1.1" 200 1098
::1 - - [27/Jan/2018:11:14:28 -0700] "GET /favicon.ico HTTP/1.1" 404 309
::1 - - [27/Jan/2018:12:03:25 -0700] "GET /my-app/index.php HTTP/1.1" 200 1499
::1 - - [27/Jan/2018:12:03:26 -0700] "GET /my-app/index.php HTTP/1.1" 200 1499
