[Wed Jan 24 11:55:00.253739 2018] [ssl:warn] [pid 9376:tid 236] AH01906: main-serveur:443:0 server certificate is a CA certificate (BasicConstraints: CA == TRUE !?)
[Wed Jan 24 11:55:00.253739 2018] [ssl:warn] [pid 9376:tid 236] AH01909: main-serveur:443:0 server certificate does NOT include an ID which matches the server name
[Wed Jan 24 11:55:00.536767 2018] [ssl:warn] [pid 9376:tid 236] AH01873: Init: Session Cache is not configured [hint: SSLSessionCache]
[Wed Jan 24 11:55:00.537768 2018] [ssl:warn] [pid 9376:tid 236] AH01906: main-serveur:443:0 server certificate is a CA certificate (BasicConstraints: CA == TRUE !?)
[Wed Jan 24 11:55:00.537768 2018] [ssl:warn] [pid 9376:tid 236] AH01909: main-serveur:443:0 server certificate does NOT include an ID which matches the server name
[Wed Jan 24 11:55:09.244638 2018] [mpm_winnt:notice] [pid 9376:tid 236] AH00455: Apache/2.4.18 (Win32) OpenSSL/1.0.2f PHP/5.6.18 configured -- resuming normal operations
[Wed Jan 24 11:55:09.244638 2018] [mpm_winnt:notice] [pid 9376:tid 236] AH00456: Server built: Jan 28 2016 09:58:25
[Wed Jan 24 11:55:09.244638 2018] [core:notice] [pid 9376:tid 236] AH00094: Command line: 'D:\\scottkwdynamicweb\\Templating\\UwAmp\\UwAmp\\bin\\apache\\bin\\httpd.exe -d D:/scottkwdynamicweb/Templating/UwAmp/UwAmp/bin/apache -f D:\\scottkwdynamicweb\\Templating\\UwAmp\\UwAmp\\bin\\apache\\conf\\httpd.conf'
[Wed Jan 24 11:55:09.282642 2018] [mpm_winnt:notice] [pid 9376:tid 236] AH00418: Parent: Created child process 6236
[Wed Jan 24 11:55:10.160730 2018] [ssl:warn] [pid 6236:tid 248] AH01906: main-serveur:443:0 server certificate is a CA certificate (BasicConstraints: CA == TRUE !?)
[Wed Jan 24 11:55:10.161730 2018] [ssl:warn] [pid 6236:tid 248] AH01909: main-serveur:443:0 server certificate does NOT include an ID which matches the server name
[Wed Jan 24 11:55:10.403754 2018] [ssl:warn] [pid 6236:tid 248] AH01873: Init: Session Cache is not configured [hint: SSLSessionCache]
[Wed Jan 24 11:55:10.404754 2018] [ssl:warn] [pid 6236:tid 248] AH01906: main-serveur:443:0 server certificate is a CA certificate (BasicConstraints: CA == TRUE !?)
[Wed Jan 24 11:55:10.404754 2018] [ssl:warn] [pid 6236:tid 248] AH01909: main-serveur:443:0 server certificate does NOT include an ID which matches the server name
[Wed Jan 24 11:55:10.536767 2018] [mpm_winnt:notice] [pid 6236:tid 248] AH00354: Child: Starting 64 worker threads.
[Wed Jan 24 12:05:15.698277 2018] [mpm_winnt:crit] [pid 6236:tid 248] AH02538: Child: Parent process exited abruptly. Child process is ending
[Wed Jan 24 12:06:51.607867 2018] [ssl:warn] [pid 9676:tid 236] AH01906: main-serveur:443:0 server certificate is a CA certificate (BasicConstraints: CA == TRUE !?)
[Wed Jan 24 12:06:51.607867 2018] [ssl:warn] [pid 9676:tid 236] AH01909: main-serveur:443:0 server certificate does NOT include an ID which matches the server name
[Wed Jan 24 12:06:51.913898 2018] [core:warn] [pid 9676:tid 236] AH00098: pid file D:/scottkwdynamicweb/Templating/UwAmp/UwAmp/bin/apache/logs/httpd.pid overwritten -- Unclean shutdown of previous Apache run?
[Wed Jan 24 12:06:52.098917 2018] [ssl:warn] [pid 9676:tid 236] AH01873: Init: Session Cache is not configured [hint: SSLSessionCache]
[Wed Jan 24 12:06:52.099917 2018] [ssl:warn] [pid 9676:tid 236] AH01906: main-serveur:443:0 server certificate is a CA certificate (BasicConstraints: CA == TRUE !?)
[Wed Jan 24 12:06:52.099917 2018] [ssl:warn] [pid 9676:tid 236] AH01909: main-serveur:443:0 server certificate does NOT include an ID which matches the server name
[Wed Jan 24 12:06:52.126919 2018] [mpm_winnt:notice] [pid 9676:tid 236] AH00455: Apache/2.4.18 (Win32) OpenSSL/1.0.2f PHP/5.6.18 configured -- resuming normal operations
[Wed Jan 24 12:06:52.126919 2018] [mpm_winnt:notice] [pid 9676:tid 236] AH00456: Server built: Jan 28 2016 09:58:25
[Wed Jan 24 12:06:52.126919 2018] [core:notice] [pid 9676:tid 236] AH00094: Command line: 'D:\\scottkwdynamicweb\\Templating\\UwAmp\\UwAmp\\bin\\apache\\bin\\httpd.exe -d D:/scottkwdynamicweb/Templating/UwAmp/UwAmp/bin/apache -f D:\\scottkwdynamicweb\\Templating\\UwAmp\\UwAmp\\bin\\apache\\conf\\httpd.conf'
[Wed Jan 24 12:06:52.159923 2018] [mpm_winnt:notice] [pid 9676:tid 236] AH00418: Parent: Created child process 6944
[Wed Jan 24 12:06:52.914998 2018] [ssl:warn] [pid 6944:tid 248] AH01906: main-serveur:443:0 server certificate is a CA certificate (BasicConstraints: CA == TRUE !?)
[Wed Jan 24 12:06:52.915998 2018] [ssl:warn] [pid 6944:tid 248] AH01909: main-serveur:443:0 server certificate does NOT include an ID which matches the server name
[Wed Jan 24 12:06:53.231030 2018] [ssl:warn] [pid 6944:tid 248] AH01873: Init: Session Cache is not configured [hint: SSLSessionCache]
[Wed Jan 24 12:06:53.232030 2018] [ssl:warn] [pid 6944:tid 248] AH01906: main-serveur:443:0 server certificate is a CA certificate (BasicConstraints: CA == TRUE !?)
[Wed Jan 24 12:06:53.232030 2018] [ssl:warn] [pid 6944:tid 248] AH01909: main-serveur:443:0 server certificate does NOT include an ID which matches the server name
[Wed Jan 24 12:06:53.270034 2018] [mpm_winnt:notice] [pid 6944:tid 248] AH00354: Child: Starting 64 worker threads.
[Wed Jan 24 12:15:50.283730 2018] [:error] [pid 6944:tid 988] [client ::1:58563] PHP Warning:  include(header.php): failed to open stream: No such file or directory in D:\\scottkwdynamicweb\\Templating\\UwAmp\\UwAmp\\www\\my-app\\index.php on line 4, referer: http://localhost/
[Wed Jan 24 12:15:50.284730 2018] [:error] [pid 6944:tid 988] [client ::1:58563] PHP Stack trace:, referer: http://localhost/
[Wed Jan 24 12:15:50.284730 2018] [:error] [pid 6944:tid 988] [client ::1:58563] PHP   1. {main}() D:\\scottkwdynamicweb\\Templating\\UwAmp\\UwAmp\\www\\my-app\\index.php:0, referer: http://localhost/
[Wed Jan 24 12:15:50.341735 2018] [:error] [pid 6944:tid 988] [client ::1:58563] PHP Warning:  include(): Failed opening 'header.php' for inclusion (include_path='.;C:\\php\\pear') in D:\\scottkwdynamicweb\\Templating\\UwAmp\\UwAmp\\www\\my-app\\index.php on line 4, referer: http://localhost/
[Wed Jan 24 12:15:50.341735 2018] [:error] [pid 6944:tid 988] [client ::1:58563] PHP Stack trace:, referer: http://localhost/
[Wed Jan 24 12:15:50.341735 2018] [:error] [pid 6944:tid 988] [client ::1:58563] PHP   1. {main}() D:\\scottkwdynamicweb\\Templating\\UwAmp\\UwAmp\\www\\my-app\\index.php:0, referer: http://localhost/
[Wed Jan 24 12:16:07.855487 2018] [:error] [pid 6944:tid 988] [client ::1:58567] PHP Warning:  include(header.php): failed to open stream: No such file or directory in D:\\scottkwdynamicweb\\Templating\\UwAmp\\UwAmp\\www\\my-app\\index.php on line 4, referer: http://localhost/
[Wed Jan 24 12:16:07.855487 2018] [:error] [pid 6944:tid 988] [client ::1:58567] PHP Stack trace:, referer: http://localhost/
[Wed Jan 24 12:16:07.855487 2018] [:error] [pid 6944:tid 988] [client ::1:58567] PHP   1. {main}() D:\\scottkwdynamicweb\\Templating\\UwAmp\\UwAmp\\www\\my-app\\index.php:0, referer: http://localhost/
[Wed Jan 24 12:16:07.855487 2018] [:error] [pid 6944:tid 988] [client ::1:58567] PHP Warning:  include(): Failed opening 'header.php' for inclusion (include_path='.;C:\\php\\pear') in D:\\scottkwdynamicweb\\Templating\\UwAmp\\UwAmp\\www\\my-app\\index.php on line 4, referer: http://localhost/
[Wed Jan 24 12:16:07.855487 2018] [:error] [pid 6944:tid 988] [client ::1:58567] PHP Stack trace:, referer: http://localhost/
[Wed Jan 24 12:16:07.855487 2018] [:error] [pid 6944:tid 988] [client ::1:58567] PHP   1. {main}() D:\\scottkwdynamicweb\\Templating\\UwAmp\\UwAmp\\www\\my-app\\index.php:0, referer: http://localhost/
[Wed Jan 24 12:16:08.701571 2018] [:error] [pid 6944:tid 988] [client ::1:58567] PHP Warning:  include(header.php): failed to open stream: No such file or directory in D:\\scottkwdynamicweb\\Templating\\UwAmp\\UwAmp\\www\\my-app\\index.php on line 4, referer: http://localhost/
[Wed Jan 24 12:16:08.701571 2018] [:error] [pid 6944:tid 988] [client ::1:58567] PHP Stack trace:, referer: http://localhost/
[Wed Jan 24 12:16:08.701571 2018] [:error] [pid 6944:tid 988] [client ::1:58567] PHP   1. {main}() D:\\scottkwdynamicweb\\Templating\\UwAmp\\UwAmp\\www\\my-app\\index.php:0, referer: http://localhost/
[Wed Jan 24 12:16:08.701571 2018] [:error] [pid 6944:tid 988] [client ::1:58567] PHP Warning:  include(): Failed opening 'header.php' for inclusion (include_path='.;C:\\php\\pear') in D:\\scottkwdynamicweb\\Templating\\UwAmp\\UwAmp\\www\\my-app\\index.php on line 4, referer: http://localhost/
[Wed Jan 24 12:16:08.702571 2018] [:error] [pid 6944:tid 988] [client ::1:58567] PHP Stack trace:, referer: http://localhost/
[Wed Jan 24 12:16:08.702571 2018] [:error] [pid 6944:tid 988] [client ::1:58567] PHP   1. {main}() D:\\scottkwdynamicweb\\Templating\\UwAmp\\UwAmp\\www\\my-app\\index.php:0, referer: http://localhost/
[Wed Jan 24 12:16:08.828584 2018] [:error] [pid 6944:tid 988] [client ::1:58567] PHP Warning:  include(header.php): failed to open stream: No such file or directory in D:\\scottkwdynamicweb\\Templating\\UwAmp\\UwAmp\\www\\my-app\\index.php on line 4, referer: http://localhost/
[Wed Jan 24 12:16:08.828584 2018] [:error] [pid 6944:tid 988] [client ::1:58567] PHP Stack trace:, referer: http://localhost/
[Wed Jan 24 12:16:08.829584 2018] [:error] [pid 6944:tid 988] [client ::1:58567] PHP   1. {main}() D:\\scottkwdynamicweb\\Templating\\UwAmp\\UwAmp\\www\\my-app\\index.php:0, referer: http://localhost/
[Wed Jan 24 12:16:08.829584 2018] [:error] [pid 6944:tid 988] [client ::1:58567] PHP Warning:  include(): Failed opening 'header.php' for inclusion (include_path='.;C:\\php\\pear') in D:\\scottkwdynamicweb\\Templating\\UwAmp\\UwAmp\\www\\my-app\\index.php on line 4, referer: http://localhost/
[Wed Jan 24 12:16:08.829584 2018] [:error] [pid 6944:tid 988] [client ::1:58567] PHP Stack trace:, referer: http://localhost/
[Wed Jan 24 12:16:08.829584 2018] [:error] [pid 6944:tid 988] [client ::1:58567] PHP   1. {main}() D:\\scottkwdynamicweb\\Templating\\UwAmp\\UwAmp\\www\\my-app\\index.php:0, referer: http://localhost/
[Wed Jan 24 12:16:08.972598 2018] [:error] [pid 6944:tid 988] [client ::1:58567] PHP Warning:  include(header.php): failed to open stream: No such file or directory in D:\\scottkwdynamicweb\\Templating\\UwAmp\\UwAmp\\www\\my-app\\index.php on line 4, referer: http://localhost/
[Wed Jan 24 12:16:08.972598 2018] [:error] [pid 6944:tid 988] [client ::1:58567] PHP Stack trace:, referer: http://localhost/
[Wed Jan 24 12:16:08.972598 2018] [:error] [pid 6944:tid 988] [client ::1:58567] PHP   1. {main}() D:\\scottkwdynamicweb\\Templating\\UwAmp\\UwAmp\\www\\my-app\\index.php:0, referer: http://localhost/
[Wed Jan 24 12:16:08.972598 2018] [:error] [pid 6944:tid 988] [client ::1:58567] PHP Warning:  include(): Failed opening 'header.php' for inclusion (include_path='.;C:\\php\\pear') in D:\\scottkwdynamicweb\\Templating\\UwAmp\\UwAmp\\www\\my-app\\index.php on line 4, referer: http://localhost/
[Wed Jan 24 12:16:08.972598 2018] [:error] [pid 6944:tid 988] [client ::1:58567] PHP Stack trace:, referer: http://localhost/
[Wed Jan 24 12:16:08.972598 2018] [:error] [pid 6944:tid 988] [client ::1:58567] PHP   1. {main}() D:\\scottkwdynamicweb\\Templating\\UwAmp\\UwAmp\\www\\my-app\\index.php:0, referer: http://localhost/
[Wed Jan 24 12:16:09.100611 2018] [:error] [pid 6944:tid 988] [client ::1:58567] PHP Warning:  include(header.php): failed to open stream: No such file or directory in D:\\scottkwdynamicweb\\Templating\\UwAmp\\UwAmp\\www\\my-app\\index.php on line 4, referer: http://localhost/
[Wed Jan 24 12:16:09.100611 2018] [:error] [pid 6944:tid 988] [client ::1:58567] PHP Stack trace:, referer: http://localhost/
[Wed Jan 24 12:16:09.100611 2018] [:error] [pid 6944:tid 988] [client ::1:58567] PHP   1. {main}() D:\\scottkwdynamicweb\\Templating\\UwAmp\\UwAmp\\www\\my-app\\index.php:0, referer: http://localhost/
[Wed Jan 24 12:16:09.101611 2018] [:error] [pid 6944:tid 988] [client ::1:58567] PHP Warning:  include(): Failed opening 'header.php' for inclusion (include_path='.;C:\\php\\pear') in D:\\scottkwdynamicweb\\Templating\\UwAmp\\UwAmp\\www\\my-app\\index.php on line 4, referer: http://localhost/
[Wed Jan 24 12:16:09.101611 2018] [:error] [pid 6944:tid 988] [client ::1:58567] PHP Stack trace:, referer: http://localhost/
[Wed Jan 24 12:16:09.101611 2018] [:error] [pid 6944:tid 988] [client ::1:58567] PHP   1. {main}() D:\\scottkwdynamicweb\\Templating\\UwAmp\\UwAmp\\www\\my-app\\index.php:0, referer: http://localhost/
[Wed Jan 24 12:16:27.113412 2018] [:error] [pid 6944:tid 996] [client ::1:58571] PHP Warning:  include(head.php): failed to open stream: No such file or directory in D:\\scottkwdynamicweb\\Templating\\UwAmp\\UwAmp\\www\\my-app\\index.php on line 4, referer: http://localhost/
[Wed Jan 24 12:16:27.113412 2018] [:error] [pid 6944:tid 996] [client ::1:58571] PHP Stack trace:, referer: http://localhost/
[Wed Jan 24 12:16:27.113412 2018] [:error] [pid 6944:tid 996] [client ::1:58571] PHP   1. {main}() D:\\scottkwdynamicweb\\Templating\\UwAmp\\UwAmp\\www\\my-app\\index.php:0, referer: http://localhost/
[Wed Jan 24 12:16:27.113412 2018] [:error] [pid 6944:tid 996] [client ::1:58571] PHP Warning:  include(): Failed opening 'head.php' for inclusion (include_path='.;C:\\php\\pear') in D:\\scottkwdynamicweb\\Templating\\UwAmp\\UwAmp\\www\\my-app\\index.php on line 4, referer: http://localhost/
[Wed Jan 24 12:16:27.114412 2018] [:error] [pid 6944:tid 996] [client ::1:58571] PHP Stack trace:, referer: http://localhost/
[Wed Jan 24 12:16:27.114412 2018] [:error] [pid 6944:tid 996] [client ::1:58571] PHP   1. {main}() D:\\scottkwdynamicweb\\Templating\\UwAmp\\UwAmp\\www\\my-app\\index.php:0, referer: http://localhost/
[Wed Jan 24 12:16:28.222523 2018] [:error] [pid 6944:tid 996] [client ::1:58571] PHP Warning:  include(head.php): failed to open stream: No such file or directory in D:\\scottkwdynamicweb\\Templating\\UwAmp\\UwAmp\\www\\my-app\\index.php on line 4, referer: http://localhost/
[Wed Jan 24 12:16:28.223523 2018] [:error] [pid 6944:tid 996] [client ::1:58571] PHP Stack trace:, referer: http://localhost/
[Wed Jan 24 12:16:28.223523 2018] [:error] [pid 6944:tid 996] [client ::1:58571] PHP   1. {main}() D:\\scottkwdynamicweb\\Templating\\UwAmp\\UwAmp\\www\\my-app\\index.php:0, referer: http://localhost/
[Wed Jan 24 12:16:28.223523 2018] [:error] [pid 6944:tid 996] [client ::1:58571] PHP Warning:  include(): Failed opening 'head.php' for inclusion (include_path='.;C:\\php\\pear') in D:\\scottkwdynamicweb\\Templating\\UwAmp\\UwAmp\\www\\my-app\\index.php on line 4, referer: http://localhost/
[Wed Jan 24 12:16:28.223523 2018] [:error] [pid 6944:tid 996] [client ::1:58571] PHP Stack trace:, referer: http://localhost/
[Wed Jan 24 12:16:28.223523 2018] [:error] [pid 6944:tid 996] [client ::1:58571] PHP   1. {main}() D:\\scottkwdynamicweb\\Templating\\UwAmp\\UwAmp\\www\\my-app\\index.php:0, referer: http://localhost/
[Wed Jan 24 12:16:28.374538 2018] [:error] [pid 6944:tid 996] [client ::1:58571] PHP Warning:  include(head.php): failed to open stream: No such file or directory in D:\\scottkwdynamicweb\\Templating\\UwAmp\\UwAmp\\www\\my-app\\index.php on line 4, referer: http://localhost/
[Wed Jan 24 12:16:28.374538 2018] [:error] [pid 6944:tid 996] [client ::1:58571] PHP Stack trace:, referer: http://localhost/
[Wed Jan 24 12:16:28.374538 2018] [:error] [pid 6944:tid 996] [client ::1:58571] PHP   1. {main}() D:\\scottkwdynamicweb\\Templating\\UwAmp\\UwAmp\\www\\my-app\\index.php:0, referer: http://localhost/
[Wed Jan 24 12:16:28.375538 2018] [:error] [pid 6944:tid 996] [client ::1:58571] PHP Warning:  include(): Failed opening 'head.php' for inclusion (include_path='.;C:\\php\\pear') in D:\\scottkwdynamicweb\\Templating\\UwAmp\\UwAmp\\www\\my-app\\index.php on line 4, referer: http://localhost/
[Wed Jan 24 12:16:28.375538 2018] [:error] [pid 6944:tid 996] [client ::1:58571] PHP Stack trace:, referer: http://localhost/
[Wed Jan 24 12:16:28.375538 2018] [:error] [pid 6944:tid 996] [client ::1:58571] PHP   1. {main}() D:\\scottkwdynamicweb\\Templating\\UwAmp\\UwAmp\\www\\my-app\\index.php:0, referer: http://localhost/
[Wed Jan 24 12:16:45.905291 2018] [:error] [pid 6944:tid 996] [client ::1:58573] PHP Warning:  include(inlcudes/head.php): failed to open stream: No such file or directory in D:\\scottkwdynamicweb\\Templating\\UwAmp\\UwAmp\\www\\my-app\\index.php on line 4, referer: http://localhost/
[Wed Jan 24 12:16:45.905291 2018] [:error] [pid 6944:tid 996] [client ::1:58573] PHP Stack trace:, referer: http://localhost/
[Wed Jan 24 12:16:45.905291 2018] [:error] [pid 6944:tid 996] [client ::1:58573] PHP   1. {main}() D:\\scottkwdynamicweb\\Templating\\UwAmp\\UwAmp\\www\\my-app\\index.php:0, referer: http://localhost/
[Wed Jan 24 12:16:45.905291 2018] [:error] [pid 6944:tid 996] [client ::1:58573] PHP Warning:  include(): Failed opening 'inlcudes/head.php' for inclusion (include_path='.;C:\\php\\pear') in D:\\scottkwdynamicweb\\Templating\\UwAmp\\UwAmp\\www\\my-app\\index.php on line 4, referer: http://localhost/
[Wed Jan 24 12:16:45.905291 2018] [:error] [pid 6944:tid 996] [client ::1:58573] PHP Stack trace:, referer: http://localhost/
[Wed Jan 24 12:16:45.905291 2018] [:error] [pid 6944:tid 996] [client ::1:58573] PHP   1. {main}() D:\\scottkwdynamicweb\\Templating\\UwAmp\\UwAmp\\www\\my-app\\index.php:0, referer: http://localhost/
[Wed Jan 24 12:18:02.017902 2018] [:error] [pid 6944:tid 996] [client ::1:58577] PHP Warning:  include(inlcudes/head.php): failed to open stream: No such file or directory in D:\\scottkwdynamicweb\\Templating\\UwAmp\\UwAmp\\www\\my-app\\index.php on line 4, referer: http://localhost/
[Wed Jan 24 12:18:02.017902 2018] [:error] [pid 6944:tid 996] [client ::1:58577] PHP Stack trace:, referer: http://localhost/
[Wed Jan 24 12:18:02.017902 2018] [:error] [pid 6944:tid 996] [client ::1:58577] PHP   1. {main}() D:\\scottkwdynamicweb\\Templating\\UwAmp\\UwAmp\\www\\my-app\\index.php:0, referer: http://localhost/
[Wed Jan 24 12:18:02.017902 2018] [:error] [pid 6944:tid 996] [client ::1:58577] PHP Warning:  include(): Failed opening 'inlcudes/head.php' for inclusion (include_path='.;C:\\php\\pear') in D:\\scottkwdynamicweb\\Templating\\UwAmp\\UwAmp\\www\\my-app\\index.php on line 4, referer: http://localhost/
[Wed Jan 24 12:18:02.017902 2018] [:error] [pid 6944:tid 996] [client ::1:58577] PHP Stack trace:, referer: http://localhost/
[Wed Jan 24 12:18:02.017902 2018] [:error] [pid 6944:tid 996] [client ::1:58577] PHP   1. {main}() D:\\scottkwdynamicweb\\Templating\\UwAmp\\UwAmp\\www\\my-app\\index.php:0, referer: http://localhost/
[Wed Jan 24 12:18:25.823282 2018] [:error] [pid 6944:tid 996] [client ::1:58580] PHP Warning:  include(inlcudes/head.php): failed to open stream: No such file or directory in D:\\scottkwdynamicweb\\Templating\\UwAmp\\UwAmp\\www\\my-app\\index.php on line 4, referer: http://localhost/
[Wed Jan 24 12:18:25.823282 2018] [:error] [pid 6944:tid 996] [client ::1:58580] PHP Stack trace:, referer: http://localhost/
[Wed Jan 24 12:18:25.823282 2018] [:error] [pid 6944:tid 996] [client ::1:58580] PHP   1. {main}() D:\\scottkwdynamicweb\\Templating\\UwAmp\\UwAmp\\www\\my-app\\index.php:0, referer: http://localhost/
[Wed Jan 24 12:18:25.823282 2018] [:error] [pid 6944:tid 996] [client ::1:58580] PHP Warning:  include(): Failed opening 'inlcudes/head.php' for inclusion (include_path='.;C:\\php\\pear') in D:\\scottkwdynamicweb\\Templating\\UwAmp\\UwAmp\\www\\my-app\\index.php on line 4, referer: http://localhost/
[Wed Jan 24 12:18:25.823282 2018] [:error] [pid 6944:tid 996] [client ::1:58580] PHP Stack trace:, referer: http://localhost/
[Wed Jan 24 12:18:25.823282 2018] [:error] [pid 6944:tid 996] [client ::1:58580] PHP   1. {main}() D:\\scottkwdynamicweb\\Templating\\UwAmp\\UwAmp\\www\\my-app\\index.php:0, referer: http://localhost/
[Wed Jan 24 12:18:27.148415 2018] [:error] [pid 6944:tid 996] [client ::1:58580] PHP Warning:  include(inlcudes/head.php): failed to open stream: No such file or directory in D:\\scottkwdynamicweb\\Templating\\UwAmp\\UwAmp\\www\\my-app\\index.php on line 4, referer: http://localhost/my-app/
[Wed Jan 24 12:18:27.148415 2018] [:error] [pid 6944:tid 996] [client ::1:58580] PHP Stack trace:, referer: http://localhost/my-app/
[Wed Jan 24 12:18:27.148415 2018] [:error] [pid 6944:tid 996] [client ::1:58580] PHP   1. {main}() D:\\scottkwdynamicweb\\Templating\\UwAmp\\UwAmp\\www\\my-app\\index.php:0, referer: http://localhost/my-app/
[Wed Jan 24 12:18:27.148415 2018] [:error] [pid 6944:tid 996] [client ::1:58580] PHP Warning:  include(): Failed opening 'inlcudes/head.php' for inclusion (include_path='.;C:\\php\\pear') in D:\\scottkwdynamicweb\\Templating\\UwAmp\\UwAmp\\www\\my-app\\index.php on line 4, referer: http://localhost/my-app/
[Wed Jan 24 12:18:27.148415 2018] [:error] [pid 6944:tid 996] [client ::1:58580] PHP Stack trace:, referer: http://localhost/my-app/
[Wed Jan 24 12:18:27.148415 2018] [:error] [pid 6944:tid 996] [client ::1:58580] PHP   1. {main}() D:\\scottkwdynamicweb\\Templating\\UwAmp\\UwAmp\\www\\my-app\\index.php:0, referer: http://localhost/my-app/
[Wed Jan 24 12:18:28.304530 2018] [:error] [pid 6944:tid 996] [client ::1:58580] PHP Warning:  include(inlcudes/head.php): failed to open stream: No such file or directory in D:\\scottkwdynamicweb\\Templating\\UwAmp\\UwAmp\\www\\my-app\\index.php on line 4, referer: http://localhost/my-app/index.php
[Wed Jan 24 12:18:28.304530 2018] [:error] [pid 6944:tid 996] [client ::1:58580] PHP Stack trace:, referer: http://localhost/my-app/index.php
[Wed Jan 24 12:18:28.305530 2018] [:error] [pid 6944:tid 996] [client ::1:58580] PHP   1. {main}() D:\\scottkwdynamicweb\\Templating\\UwAmp\\UwAmp\\www\\my-app\\index.php:0, referer: http://localhost/my-app/index.php
[Wed Jan 24 12:18:28.305530 2018] [:error] [pid 6944:tid 996] [client ::1:58580] PHP Warning:  include(): Failed opening 'inlcudes/head.php' for inclusion (include_path='.;C:\\php\\pear') in D:\\scottkwdynamicweb\\Templating\\UwAmp\\UwAmp\\www\\my-app\\index.php on line 4, referer: http://localhost/my-app/index.php
[Wed Jan 24 12:18:28.305530 2018] [:error] [pid 6944:tid 996] [client ::1:58580] PHP Stack trace:, referer: http://localhost/my-app/index.php
[Wed Jan 24 12:18:28.305530 2018] [:error] [pid 6944:tid 996] [client ::1:58580] PHP   1. {main}() D:\\scottkwdynamicweb\\Templating\\UwAmp\\UwAmp\\www\\my-app\\index.php:0, referer: http://localhost/my-app/index.php
[Wed Jan 24 12:20:28.412540 2018] [:error] [pid 6944:tid 988] [client ::1:58592] PHP Warning:  include(inlcudes/head.php): failed to open stream: No such file or directory in D:\\scottkwdynamicweb\\Templating\\UwAmp\\UwAmp\\www\\my-app\\index.php on line 4, referer: http://localhost/
[Wed Jan 24 12:20:28.412540 2018] [:error] [pid 6944:tid 988] [client ::1:58592] PHP Stack trace:, referer: http://localhost/
[Wed Jan 24 12:20:28.412540 2018] [:error] [pid 6944:tid 988] [client ::1:58592] PHP   1. {main}() D:\\scottkwdynamicweb\\Templating\\UwAmp\\UwAmp\\www\\my-app\\index.php:0, referer: http://localhost/
[Wed Jan 24 12:20:28.412540 2018] [:error] [pid 6944:tid 988] [client ::1:58592] PHP Warning:  include(): Failed opening 'inlcudes/head.php' for inclusion (include_path='.;C:\\php\\pear') in D:\\scottkwdynamicweb\\Templating\\UwAmp\\UwAmp\\www\\my-app\\index.php on line 4, referer: http://localhost/
[Wed Jan 24 12:20:28.412540 2018] [:error] [pid 6944:tid 988] [client ::1:58592] PHP Stack trace:, referer: http://localhost/
[Wed Jan 24 12:20:28.412540 2018] [:error] [pid 6944:tid 988] [client ::1:58592] PHP   1. {main}() D:\\scottkwdynamicweb\\Templating\\UwAmp\\UwAmp\\www\\my-app\\index.php:0, referer: http://localhost/
[Wed Jan 24 12:24:23.638060 2018] [:error] [pid 6944:tid 988] [client ::1:58607] PHP Warning:  include(inlcudes/head.php): failed to open stream: No such file or directory in D:\\scottkwdynamicweb\\Templating\\UwAmp\\UwAmp\\www\\my-app\\index.php on line 11, referer: http://localhost/
[Wed Jan 24 12:24:23.638060 2018] [:error] [pid 6944:tid 988] [client ::1:58607] PHP Stack trace:, referer: http://localhost/
[Wed Jan 24 12:24:23.638060 2018] [:error] [pid 6944:tid 988] [client ::1:58607] PHP   1. {main}() D:\\scottkwdynamicweb\\Templating\\UwAmp\\UwAmp\\www\\my-app\\index.php:0, referer: http://localhost/
[Wed Jan 24 12:24:23.638060 2018] [:error] [pid 6944:tid 988] [client ::1:58607] PHP Warning:  include(): Failed opening 'inlcudes/head.php' for inclusion (include_path='.;C:\\php\\pear') in D:\\scottkwdynamicweb\\Templating\\UwAmp\\UwAmp\\www\\my-app\\index.php on line 11, referer: http://localhost/
[Wed Jan 24 12:24:23.638060 2018] [:error] [pid 6944:tid 988] [client ::1:58607] PHP Stack trace:, referer: http://localhost/
[Wed Jan 24 12:24:23.638060 2018] [:error] [pid 6944:tid 988] [client ::1:58607] PHP   1. {main}() D:\\scottkwdynamicweb\\Templating\\UwAmp\\UwAmp\\www\\my-app\\index.php:0, referer: http://localhost/
[Wed Jan 24 12:24:24.165113 2018] [:error] [pid 6944:tid 988] [client ::1:58607] PHP Warning:  include(inlcudes/head.php): failed to open stream: No such file or directory in D:\\scottkwdynamicweb\\Templating\\UwAmp\\UwAmp\\www\\my-app\\index.php on line 11, referer: http://localhost/
[Wed Jan 24 12:24:24.165113 2018] [:error] [pid 6944:tid 988] [client ::1:58607] PHP Stack trace:, referer: http://localhost/
[Wed Jan 24 12:24:24.165113 2018] [:error] [pid 6944:tid 988] [client ::1:58607] PHP   1. {main}() D:\\scottkwdynamicweb\\Templating\\UwAmp\\UwAmp\\www\\my-app\\index.php:0, referer: http://localhost/
[Wed Jan 24 12:24:24.166113 2018] [:error] [pid 6944:tid 988] [client ::1:58607] PHP Warning:  include(): Failed opening 'inlcudes/head.php' for inclusion (include_path='.;C:\\php\\pear') in D:\\scottkwdynamicweb\\Templating\\UwAmp\\UwAmp\\www\\my-app\\index.php on line 11, referer: http://localhost/
[Wed Jan 24 12:24:24.166113 2018] [:error] [pid 6944:tid 988] [client ::1:58607] PHP Stack trace:, referer: http://localhost/
[Wed Jan 24 12:24:24.166113 2018] [:error] [pid 6944:tid 988] [client ::1:58607] PHP   1. {main}() D:\\scottkwdynamicweb\\Templating\\UwAmp\\UwAmp\\www\\my-app\\index.php:0, referer: http://localhost/
[Wed Jan 24 12:24:24.300126 2018] [:error] [pid 6944:tid 988] [client ::1:58607] PHP Warning:  include(inlcudes/head.php): failed to open stream: No such file or directory in D:\\scottkwdynamicweb\\Templating\\UwAmp\\UwAmp\\www\\my-app\\index.php on line 11, referer: http://localhost/
[Wed Jan 24 12:24:24.300126 2018] [:error] [pid 6944:tid 988] [client ::1:58607] PHP Stack trace:, referer: http://localhost/
[Wed Jan 24 12:24:24.300126 2018] [:error] [pid 6944:tid 988] [client ::1:58607] PHP   1. {main}() D:\\scottkwdynamicweb\\Templating\\UwAmp\\UwAmp\\www\\my-app\\index.php:0, referer: http://localhost/
[Wed Jan 24 12:24:24.300126 2018] [:error] [pid 6944:tid 988] [client ::1:58607] PHP Warning:  include(): Failed opening 'inlcudes/head.php' for inclusion (include_path='.;C:\\php\\pear') in D:\\scottkwdynamicweb\\Templating\\UwAmp\\UwAmp\\www\\my-app\\index.php on line 11, referer: http://localhost/
[Wed Jan 24 12:24:24.300126 2018] [:error] [pid 6944:tid 988] [client ::1:58607] PHP Stack trace:, referer: http://localhost/
[Wed Jan 24 12:24:24.300126 2018] [:error] [pid 6944:tid 988] [client ::1:58607] PHP   1. {main}() D:\\scottkwdynamicweb\\Templating\\UwAmp\\UwAmp\\www\\my-app\\index.php:0, referer: http://localhost/
[Wed Jan 24 12:24:24.444141 2018] [:error] [pid 6944:tid 988] [client ::1:58607] PHP Warning:  include(inlcudes/head.php): failed to open stream: No such file or directory in D:\\scottkwdynamicweb\\Templating\\UwAmp\\UwAmp\\www\\my-app\\index.php on line 11, referer: http://localhost/
[Wed Jan 24 12:24:24.444141 2018] [:error] [pid 6944:tid 988] [client ::1:58607] PHP Stack trace:, referer: http://localhost/
[Wed Jan 24 12:24:24.444141 2018] [:error] [pid 6944:tid 988] [client ::1:58607] PHP   1. {main}() D:\\scottkwdynamicweb\\Templating\\UwAmp\\UwAmp\\www\\my-app\\index.php:0, referer: http://localhost/
[Wed Jan 24 12:24:24.444141 2018] [:error] [pid 6944:tid 988] [client ::1:58607] PHP Warning:  include(): Failed opening 'inlcudes/head.php' for inclusion (include_path='.;C:\\php\\pear') in D:\\scottkwdynamicweb\\Templating\\UwAmp\\UwAmp\\www\\my-app\\index.php on line 11, referer: http://localhost/
[Wed Jan 24 12:24:24.444141 2018] [:error] [pid 6944:tid 988] [client ::1:58607] PHP Stack trace:, referer: http://localhost/
[Wed Jan 24 12:24:24.444141 2018] [:error] [pid 6944:tid 988] [client ::1:58607] PHP   1. {main}() D:\\scottkwdynamicweb\\Templating\\UwAmp\\UwAmp\\www\\my-app\\index.php:0, referer: http://localhost/
[Wed Jan 24 12:24:24.580154 2018] [:error] [pid 6944:tid 988] [client ::1:58607] PHP Warning:  include(inlcudes/head.php): failed to open stream: No such file or directory in D:\\scottkwdynamicweb\\Templating\\UwAmp\\UwAmp\\www\\my-app\\index.php on line 11, referer: http://localhost/
[Wed Jan 24 12:24:24.580154 2018] [:error] [pid 6944:tid 988] [client ::1:58607] PHP Stack trace:, referer: http://localhost/
[Wed Jan 24 12:24:24.580154 2018] [:error] [pid 6944:tid 988] [client ::1:58607] PHP   1. {main}() D:\\scottkwdynamicweb\\Templating\\UwAmp\\UwAmp\\www\\my-app\\index.php:0, referer: http://localhost/
[Wed Jan 24 12:24:24.580154 2018] [:error] [pid 6944:tid 988] [client ::1:58607] PHP Warning:  include(): Failed opening 'inlcudes/head.php' for inclusion (include_path='.;C:\\php\\pear') in D:\\scottkwdynamicweb\\Templating\\UwAmp\\UwAmp\\www\\my-app\\index.php on line 11, referer: http://localhost/
[Wed Jan 24 12:24:24.580154 2018] [:error] [pid 6944:tid 988] [client ::1:58607] PHP Stack trace:, referer: http://localhost/
[Wed Jan 24 12:24:24.580154 2018] [:error] [pid 6944:tid 988] [client ::1:58607] PHP   1. {main}() D:\\scottkwdynamicweb\\Templating\\UwAmp\\UwAmp\\www\\my-app\\index.php:0, referer: http://localhost/
[Wed Jan 24 12:24:37.795476 2018] [:error] [pid 6944:tid 996] [client ::1:58615] PHP Warning:  include(inlcudes/head.php): failed to open stream: No such file or directory in D:\\scottkwdynamicweb\\Templating\\UwAmp\\UwAmp\\www\\my-app\\index.php on line 11, referer: http://localhost/
[Wed Jan 24 12:24:37.796476 2018] [:error] [pid 6944:tid 996] [client ::1:58615] PHP Stack trace:, referer: http://localhost/
[Wed Jan 24 12:24:37.796476 2018] [:error] [pid 6944:tid 996] [client ::1:58615] PHP   1. {main}() D:\\scottkwdynamicweb\\Templating\\UwAmp\\UwAmp\\www\\my-app\\index.php:0, referer: http://localhost/
[Wed Jan 24 12:24:37.796476 2018] [:error] [pid 6944:tid 996] [client ::1:58615] PHP Warning:  include(): Failed opening 'inlcudes/head.php' for inclusion (include_path='.;C:\\php\\pear') in D:\\scottkwdynamicweb\\Templating\\UwAmp\\UwAmp\\www\\my-app\\index.php on line 11, referer: http://localhost/
[Wed Jan 24 12:24:37.796476 2018] [:error] [pid 6944:tid 996] [client ::1:58615] PHP Stack trace:, referer: http://localhost/
[Wed Jan 24 12:24:37.796476 2018] [:error] [pid 6944:tid 996] [client ::1:58615] PHP   1. {main}() D:\\scottkwdynamicweb\\Templating\\UwAmp\\UwAmp\\www\\my-app\\index.php:0, referer: http://localhost/
[Wed Jan 24 12:33:18.820573 2018] [:error] [pid 6944:tid 996] [client ::1:58651] PHP Warning:  include(inlcudes/head.php): failed to open stream: No such file or directory in D:\\scottkwdynamicweb\\Templating\\UwAmp\\UwAmp\\www\\my-app\\index.php on line 11, referer: http://localhost/
[Wed Jan 24 12:33:18.821573 2018] [:error] [pid 6944:tid 996] [client ::1:58651] PHP Stack trace:, referer: http://localhost/
[Wed Jan 24 12:33:18.821573 2018] [:error] [pid 6944:tid 996] [client ::1:58651] PHP   1. {main}() D:\\scottkwdynamicweb\\Templating\\UwAmp\\UwAmp\\www\\my-app\\index.php:0, referer: http://localhost/
[Wed Jan 24 12:33:18.821573 2018] [:error] [pid 6944:tid 996] [client ::1:58651] PHP Warning:  include(): Failed opening 'inlcudes/head.php' for inclusion (include_path='.;C:\\php\\pear') in D:\\scottkwdynamicweb\\Templating\\UwAmp\\UwAmp\\www\\my-app\\index.php on line 11, referer: http://localhost/
[Wed Jan 24 12:33:18.821573 2018] [:error] [pid 6944:tid 996] [client ::1:58651] PHP Stack trace:, referer: http://localhost/
[Wed Jan 24 12:33:18.821573 2018] [:error] [pid 6944:tid 996] [client ::1:58651] PHP   1. {main}() D:\\scottkwdynamicweb\\Templating\\UwAmp\\UwAmp\\www\\my-app\\index.php:0, referer: http://localhost/
[Wed Jan 24 12:33:19.882679 2018] [:error] [pid 6944:tid 996] [client ::1:58651] PHP Warning:  include(inlcudes/head.php): failed to open stream: No such file or directory in D:\\scottkwdynamicweb\\Templating\\UwAmp\\UwAmp\\www\\my-app\\index.php on line 11, referer: http://localhost/
[Wed Jan 24 12:33:19.882679 2018] [:error] [pid 6944:tid 996] [client ::1:58651] PHP Stack trace:, referer: http://localhost/
[Wed Jan 24 12:33:19.882679 2018] [:error] [pid 6944:tid 996] [client ::1:58651] PHP   1. {main}() D:\\scottkwdynamicweb\\Templating\\UwAmp\\UwAmp\\www\\my-app\\index.php:0, referer: http://localhost/
[Wed Jan 24 12:33:19.882679 2018] [:error] [pid 6944:tid 996] [client ::1:58651] PHP Warning:  include(): Failed opening 'inlcudes/head.php' for inclusion (include_path='.;C:\\php\\pear') in D:\\scottkwdynamicweb\\Templating\\UwAmp\\UwAmp\\www\\my-app\\index.php on line 11, referer: http://localhost/
[Wed Jan 24 12:33:19.883679 2018] [:error] [pid 6944:tid 996] [client ::1:58651] PHP Stack trace:, referer: http://localhost/
[Wed Jan 24 12:33:19.883679 2018] [:error] [pid 6944:tid 996] [client ::1:58651] PHP   1. {main}() D:\\scottkwdynamicweb\\Templating\\UwAmp\\UwAmp\\www\\my-app\\index.php:0, referer: http://localhost/
[Wed Jan 24 12:33:20.018693 2018] [:error] [pid 6944:tid 996] [client ::1:58651] PHP Warning:  include(inlcudes/head.php): failed to open stream: No such file or directory in D:\\scottkwdynamicweb\\Templating\\UwAmp\\UwAmp\\www\\my-app\\index.php on line 11, referer: http://localhost/
[Wed Jan 24 12:33:20.018693 2018] [:error] [pid 6944:tid 996] [client ::1:58651] PHP Stack trace:, referer: http://localhost/
[Wed Jan 24 12:33:20.018693 2018] [:error] [pid 6944:tid 996] [client ::1:58651] PHP   1. {main}() D:\\scottkwdynamicweb\\Templating\\UwAmp\\UwAmp\\www\\my-app\\index.php:0, referer: http://localhost/
[Wed Jan 24 12:33:20.018693 2018] [:error] [pid 6944:tid 996] [client ::1:58651] PHP Warning:  include(): Failed opening 'inlcudes/head.php' for inclusion (include_path='.;C:\\php\\pear') in D:\\scottkwdynamicweb\\Templating\\UwAmp\\UwAmp\\www\\my-app\\index.php on line 11, referer: http://localhost/
[Wed Jan 24 12:33:20.018693 2018] [:error] [pid 6944:tid 996] [client ::1:58651] PHP Stack trace:, referer: http://localhost/
[Wed Jan 24 12:33:20.018693 2018] [:error] [pid 6944:tid 996] [client ::1:58651] PHP   1. {main}() D:\\scottkwdynamicweb\\Templating\\UwAmp\\UwAmp\\www\\my-app\\index.php:0, referer: http://localhost/
[Wed Jan 24 12:33:20.155706 2018] [:error] [pid 6944:tid 996] [client ::1:58651] PHP Warning:  include(inlcudes/head.php): failed to open stream: No such file or directory in D:\\scottkwdynamicweb\\Templating\\UwAmp\\UwAmp\\www\\my-app\\index.php on line 11, referer: http://localhost/
[Wed Jan 24 12:33:20.155706 2018] [:error] [pid 6944:tid 996] [client ::1:58651] PHP Stack trace:, referer: http://localhost/
[Wed Jan 24 12:33:20.155706 2018] [:error] [pid 6944:tid 996] [client ::1:58651] PHP   1. {main}() D:\\scottkwdynamicweb\\Templating\\UwAmp\\UwAmp\\www\\my-app\\index.php:0, referer: http://localhost/
[Wed Jan 24 12:33:20.155706 2018] [:error] [pid 6944:tid 996] [client ::1:58651] PHP Warning:  include(): Failed opening 'inlcudes/head.php' for inclusion (include_path='.;C:\\php\\pear') in D:\\scottkwdynamicweb\\Templating\\UwAmp\\UwAmp\\www\\my-app\\index.php on line 11, referer: http://localhost/
[Wed Jan 24 12:33:20.155706 2018] [:error] [pid 6944:tid 996] [client ::1:58651] PHP Stack trace:, referer: http://localhost/
[Wed Jan 24 12:33:20.155706 2018] [:error] [pid 6944:tid 996] [client ::1:58651] PHP   1. {main}() D:\\scottkwdynamicweb\\Templating\\UwAmp\\UwAmp\\www\\my-app\\index.php:0, referer: http://localhost/
[Wed Jan 24 12:33:20.290720 2018] [:error] [pid 6944:tid 996] [client ::1:58651] PHP Warning:  include(inlcudes/head.php): failed to open stream: No such file or directory in D:\\scottkwdynamicweb\\Templating\\UwAmp\\UwAmp\\www\\my-app\\index.php on line 11, referer: http://localhost/
[Wed Jan 24 12:33:20.290720 2018] [:error] [pid 6944:tid 996] [client ::1:58651] PHP Stack trace:, referer: http://localhost/
[Wed Jan 24 12:33:20.290720 2018] [:error] [pid 6944:tid 996] [client ::1:58651] PHP   1. {main}() D:\\scottkwdynamicweb\\Templating\\UwAmp\\UwAmp\\www\\my-app\\index.php:0, referer: http://localhost/
[Wed Jan 24 12:33:20.290720 2018] [:error] [pid 6944:tid 996] [client ::1:58651] PHP Warning:  include(): Failed opening 'inlcudes/head.php' for inclusion (include_path='.;C:\\php\\pear') in D:\\scottkwdynamicweb\\Templating\\UwAmp\\UwAmp\\www\\my-app\\index.php on line 11, referer: http://localhost/
[Wed Jan 24 12:33:20.290720 2018] [:error] [pid 6944:tid 996] [client ::1:58651] PHP Stack trace:, referer: http://localhost/
[Wed Jan 24 12:33:20.290720 2018] [:error] [pid 6944:tid 996] [client ::1:58651] PHP   1. {main}() D:\\scottkwdynamicweb\\Templating\\UwAmp\\UwAmp\\www\\my-app\\index.php:0, referer: http://localhost/
[Wed Jan 24 12:33:20.426733 2018] [:error] [pid 6944:tid 996] [client ::1:58651] PHP Warning:  include(inlcudes/head.php): failed to open stream: No such file or directory in D:\\scottkwdynamicweb\\Templating\\UwAmp\\UwAmp\\www\\my-app\\index.php on line 11, referer: http://localhost/
[Wed Jan 24 12:33:20.426733 2018] [:error] [pid 6944:tid 996] [client ::1:58651] PHP Stack trace:, referer: http://localhost/
[Wed Jan 24 12:33:20.426733 2018] [:error] [pid 6944:tid 996] [client ::1:58651] PHP   1. {main}() D:\\scottkwdynamicweb\\Templating\\UwAmp\\UwAmp\\www\\my-app\\index.php:0, referer: http://localhost/
[Wed Jan 24 12:33:20.426733 2018] [:error] [pid 6944:tid 996] [client ::1:58651] PHP Warning:  include(): Failed opening 'inlcudes/head.php' for inclusion (include_path='.;C:\\php\\pear') in D:\\scottkwdynamicweb\\Templating\\UwAmp\\UwAmp\\www\\my-app\\index.php on line 11, referer: http://localhost/
[Wed Jan 24 12:33:20.426733 2018] [:error] [pid 6944:tid 996] [client ::1:58651] PHP Stack trace:, referer: http://localhost/
[Wed Jan 24 12:33:20.426733 2018] [:error] [pid 6944:tid 996] [client ::1:58651] PHP   1. {main}() D:\\scottkwdynamicweb\\Templating\\UwAmp\\UwAmp\\www\\my-app\\index.php:0, referer: http://localhost/
[Wed Jan 24 12:33:38.499541 2018] [:error] [pid 6944:tid 996] [client ::1:58655] PHP Warning:  include(inlcudes/head.php): failed to open stream: No such file or directory in D:\\scottkwdynamicweb\\Templating\\UwAmp\\UwAmp\\www\\my-app\\index.php on line 11, referer: http://localhost/
[Wed Jan 24 12:33:38.499541 2018] [:error] [pid 6944:tid 996] [client ::1:58655] PHP Stack trace:, referer: http://localhost/
[Wed Jan 24 12:33:38.499541 2018] [:error] [pid 6944:tid 996] [client ::1:58655] PHP   1. {main}() D:\\scottkwdynamicweb\\Templating\\UwAmp\\UwAmp\\www\\my-app\\index.php:0, referer: http://localhost/
[Wed Jan 24 12:33:38.499541 2018] [:error] [pid 6944:tid 996] [client ::1:58655] PHP Warning:  include(): Failed opening 'inlcudes/head.php' for inclusion (include_path='.;C:\\php\\pear') in D:\\scottkwdynamicweb\\Templating\\UwAmp\\UwAmp\\www\\my-app\\index.php on line 11, referer: http://localhost/
[Wed Jan 24 12:33:38.499541 2018] [:error] [pid 6944:tid 996] [client ::1:58655] PHP Stack trace:, referer: http://localhost/
[Wed Jan 24 12:33:38.499541 2018] [:error] [pid 6944:tid 996] [client ::1:58655] PHP   1. {main}() D:\\scottkwdynamicweb\\Templating\\UwAmp\\UwAmp\\www\\my-app\\index.php:0, referer: http://localhost/
[Wed Jan 24 12:33:38.993590 2018] [:error] [pid 6944:tid 996] [client ::1:58655] PHP Warning:  include(inlcudes/head.php): failed to open stream: No such file or directory in D:\\scottkwdynamicweb\\Templating\\UwAmp\\UwAmp\\www\\my-app\\index.php on line 11, referer: http://localhost/
[Wed Jan 24 12:33:38.993590 2018] [:error] [pid 6944:tid 996] [client ::1:58655] PHP Stack trace:, referer: http://localhost/
[Wed Jan 24 12:33:38.993590 2018] [:error] [pid 6944:tid 996] [client ::1:58655] PHP   1. {main}() D:\\scottkwdynamicweb\\Templating\\UwAmp\\UwAmp\\www\\my-app\\index.php:0, referer: http://localhost/
[Wed Jan 24 12:33:38.993590 2018] [:error] [pid 6944:tid 996] [client ::1:58655] PHP Warning:  include(): Failed opening 'inlcudes/head.php' for inclusion (include_path='.;C:\\php\\pear') in D:\\scottkwdynamicweb\\Templating\\UwAmp\\UwAmp\\www\\my-app\\index.php on line 11, referer: http://localhost/
[Wed Jan 24 12:33:38.993590 2018] [:error] [pid 6944:tid 996] [client ::1:58655] PHP Stack trace:, referer: http://localhost/
[Wed Jan 24 12:33:38.993590 2018] [:error] [pid 6944:tid 996] [client ::1:58655] PHP   1. {main}() D:\\scottkwdynamicweb\\Templating\\UwAmp\\UwAmp\\www\\my-app\\index.php:0, referer: http://localhost/
[Wed Jan 24 12:33:39.123603 2018] [:error] [pid 6944:tid 996] [client ::1:58655] PHP Warning:  include(inlcudes/head.php): failed to open stream: No such file or directory in D:\\scottkwdynamicweb\\Templating\\UwAmp\\UwAmp\\www\\my-app\\index.php on line 11, referer: http://localhost/
[Wed Jan 24 12:33:39.123603 2018] [:error] [pid 6944:tid 996] [client ::1:58655] PHP Stack trace:, referer: http://localhost/
[Wed Jan 24 12:33:39.123603 2018] [:error] [pid 6944:tid 996] [client ::1:58655] PHP   1. {main}() D:\\scottkwdynamicweb\\Templating\\UwAmp\\UwAmp\\www\\my-app\\index.php:0, referer: http://localhost/
[Wed Jan 24 12:33:39.123603 2018] [:error] [pid 6944:tid 996] [client ::1:58655] PHP Warning:  include(): Failed opening 'inlcudes/head.php' for inclusion (include_path='.;C:\\php\\pear') in D:\\scottkwdynamicweb\\Templating\\UwAmp\\UwAmp\\www\\my-app\\index.php on line 11, referer: http://localhost/
[Wed Jan 24 12:33:39.123603 2018] [:error] [pid 6944:tid 996] [client ::1:58655] PHP Stack trace:, referer: http://localhost/
[Wed Jan 24 12:33:39.123603 2018] [:error] [pid 6944:tid 996] [client ::1:58655] PHP   1. {main}() D:\\scottkwdynamicweb\\Templating\\UwAmp\\UwAmp\\www\\my-app\\index.php:0, referer: http://localhost/
[Wed Jan 24 12:33:51.740865 2018] [:error] [pid 6944:tid 996] [client ::1:58657] PHP Warning:  include(inlcudes/head.php): failed to open stream: No such file or directory in D:\\scottkwdynamicweb\\Templating\\UwAmp\\UwAmp\\www\\my-app\\index.php on line 11, referer: http://localhost/my-app/
[Wed Jan 24 12:33:51.740865 2018] [:error] [pid 6944:tid 996] [client ::1:58657] PHP Stack trace:, referer: http://localhost/my-app/
[Wed Jan 24 12:33:51.741865 2018] [:error] [pid 6944:tid 996] [client ::1:58657] PHP   1. {main}() D:\\scottkwdynamicweb\\Templating\\UwAmp\\UwAmp\\www\\my-app\\index.php:0, referer: http://localhost/my-app/
[Wed Jan 24 12:33:51.741865 2018] [:error] [pid 6944:tid 996] [client ::1:58657] PHP Warning:  include(): Failed opening 'inlcudes/head.php' for inclusion (include_path='.;C:\\php\\pear') in D:\\scottkwdynamicweb\\Templating\\UwAmp\\UwAmp\\www\\my-app\\index.php on line 11, referer: http://localhost/my-app/
[Wed Jan 24 12:33:51.741865 2018] [:error] [pid 6944:tid 996] [client ::1:58657] PHP Stack trace:, referer: http://localhost/my-app/
[Wed Jan 24 12:33:51.741865 2018] [:error] [pid 6944:tid 996] [client ::1:58657] PHP   1. {main}() D:\\scottkwdynamicweb\\Templating\\UwAmp\\UwAmp\\www\\my-app\\index.php:0, referer: http://localhost/my-app/
[Wed Jan 24 12:33:52.789969 2018] [:error] [pid 6944:tid 996] [client ::1:58657] PHP Warning:  include(inlcudes/head.php): failed to open stream: No such file or directory in D:\\scottkwdynamicweb\\Templating\\UwAmp\\UwAmp\\www\\my-app\\index.php on line 11, referer: http://localhost/my-app/index.php
[Wed Jan 24 12:33:52.789969 2018] [:error] [pid 6944:tid 996] [client ::1:58657] PHP Stack trace:, referer: http://localhost/my-app/index.php
[Wed Jan 24 12:33:52.789969 2018] [:error] [pid 6944:tid 996] [client ::1:58657] PHP   1. {main}() D:\\scottkwdynamicweb\\Templating\\UwAmp\\UwAmp\\www\\my-app\\index.php:0, referer: http://localhost/my-app/index.php
[Wed Jan 24 12:33:52.789969 2018] [:error] [pid 6944:tid 996] [client ::1:58657] PHP Warning:  include(): Failed opening 'inlcudes/head.php' for inclusion (include_path='.;C:\\php\\pear') in D:\\scottkwdynamicweb\\Templating\\UwAmp\\UwAmp\\www\\my-app\\index.php on line 11, referer: http://localhost/my-app/index.php
[Wed Jan 24 12:33:52.789969 2018] [:error] [pid 6944:tid 996] [client ::1:58657] PHP Stack trace:, referer: http://localhost/my-app/index.php
[Wed Jan 24 12:33:52.789969 2018] [:error] [pid 6944:tid 996] [client ::1:58657] PHP   1. {main}() D:\\scottkwdynamicweb\\Templating\\UwAmp\\UwAmp\\www\\my-app\\index.php:0, referer: http://localhost/my-app/index.php
[Wed Jan 24 12:33:55.300220 2018] [:error] [pid 6944:tid 996] [client ::1:58657] PHP Warning:  include(inlcudes/head.php): failed to open stream: No such file or directory in D:\\scottkwdynamicweb\\Templating\\UwAmp\\UwAmp\\www\\my-app\\index.php on line 11, referer: http://localhost/my-app/index.php
[Wed Jan 24 12:33:55.300220 2018] [:error] [pid 6944:tid 996] [client ::1:58657] PHP Stack trace:, referer: http://localhost/my-app/index.php
[Wed Jan 24 12:33:55.300220 2018] [:error] [pid 6944:tid 996] [client ::1:58657] PHP   1. {main}() D:\\scottkwdynamicweb\\Templating\\UwAmp\\UwAmp\\www\\my-app\\index.php:0, referer: http://localhost/my-app/index.php
[Wed Jan 24 12:33:55.300220 2018] [:error] [pid 6944:tid 996] [client ::1:58657] PHP Warning:  include(): Failed opening 'inlcudes/head.php' for inclusion (include_path='.;C:\\php\\pear') in D:\\scottkwdynamicweb\\Templating\\UwAmp\\UwAmp\\www\\my-app\\index.php on line 11, referer: http://localhost/my-app/index.php
[Wed Jan 24 12:33:55.300220 2018] [:error] [pid 6944:tid 996] [client ::1:58657] PHP Stack trace:, referer: http://localhost/my-app/index.php
[Wed Jan 24 12:33:55.300220 2018] [:error] [pid 6944:tid 996] [client ::1:58657] PHP   1. {main}() D:\\scottkwdynamicweb\\Templating\\UwAmp\\UwAmp\\www\\my-app\\index.php:0, referer: http://localhost/my-app/index.php
[Wed Jan 24 12:34:01.842875 2018] [:error] [pid 6944:tid 988] [client ::1:58659] PHP Warning:  include(inlcudes/head.php): failed to open stream: No such file or directory in D:\\scottkwdynamicweb\\Templating\\UwAmp\\UwAmp\\www\\my-app\\index.php on line 11, referer: http://localhost/
[Wed Jan 24 12:34:01.842875 2018] [:error] [pid 6944:tid 988] [client ::1:58659] PHP Stack trace:, referer: http://localhost/
[Wed Jan 24 12:34:01.842875 2018] [:error] [pid 6944:tid 988] [client ::1:58659] PHP   1. {main}() D:\\scottkwdynamicweb\\Templating\\UwAmp\\UwAmp\\www\\my-app\\index.php:0, referer: http://localhost/
[Wed Jan 24 12:34:01.842875 2018] [:error] [pid 6944:tid 988] [client ::1:58659] PHP Warning:  include(): Failed opening 'inlcudes/head.php' for inclusion (include_path='.;C:\\php\\pear') in D:\\scottkwdynamicweb\\Templating\\UwAmp\\UwAmp\\www\\my-app\\index.php on line 11, referer: http://localhost/
[Wed Jan 24 12:34:01.842875 2018] [:error] [pid 6944:tid 988] [client ::1:58659] PHP Stack trace:, referer: http://localhost/
[Wed Jan 24 12:34:01.842875 2018] [:error] [pid 6944:tid 988] [client ::1:58659] PHP   1. {main}() D:\\scottkwdynamicweb\\Templating\\UwAmp\\UwAmp\\www\\my-app\\index.php:0, referer: http://localhost/
[Wed Jan 24 12:36:04.711160 2018] [:error] [pid 6944:tid 988] [client ::1:58663] PHP Warning:  include(inlcudes/head.php): failed to open stream: No such file or directory in D:\\scottkwdynamicweb\\Templating\\UwAmp\\UwAmp\\www\\my-app\\index.php on line 11, referer: http://localhost/
[Wed Jan 24 12:36:04.712160 2018] [:error] [pid 6944:tid 988] [client ::1:58663] PHP Stack trace:, referer: http://localhost/
[Wed Jan 24 12:36:04.712160 2018] [:error] [pid 6944:tid 988] [client ::1:58663] PHP   1. {main}() D:\\scottkwdynamicweb\\Templating\\UwAmp\\UwAmp\\www\\my-app\\index.php:0, referer: http://localhost/
[Wed Jan 24 12:36:04.712160 2018] [:error] [pid 6944:tid 988] [client ::1:58663] PHP Warning:  include(): Failed opening 'inlcudes/head.php' for inclusion (include_path='.;C:\\php\\pear') in D:\\scottkwdynamicweb\\Templating\\UwAmp\\UwAmp\\www\\my-app\\index.php on line 11, referer: http://localhost/
[Wed Jan 24 12:36:04.712160 2018] [:error] [pid 6944:tid 988] [client ::1:58663] PHP Stack trace:, referer: http://localhost/
[Wed Jan 24 12:36:04.712160 2018] [:error] [pid 6944:tid 988] [client ::1:58663] PHP   1. {main}() D:\\scottkwdynamicweb\\Templating\\UwAmp\\UwAmp\\www\\my-app\\index.php:0, referer: http://localhost/
[Wed Jan 24 12:36:05.368226 2018] [:error] [pid 6944:tid 988] [client ::1:58663] PHP Warning:  include(inlcudes/head.php): failed to open stream: No such file or directory in D:\\scottkwdynamicweb\\Templating\\UwAmp\\UwAmp\\www\\my-app\\index.php on line 11, referer: http://localhost/
[Wed Jan 24 12:36:05.368226 2018] [:error] [pid 6944:tid 988] [client ::1:58663] PHP Stack trace:, referer: http://localhost/
[Wed Jan 24 12:36:05.368226 2018] [:error] [pid 6944:tid 988] [client ::1:58663] PHP   1. {main}() D:\\scottkwdynamicweb\\Templating\\UwAmp\\UwAmp\\www\\my-app\\index.php:0, referer: http://localhost/
[Wed Jan 24 12:36:05.368226 2018] [:error] [pid 6944:tid 988] [client ::1:58663] PHP Warning:  include(): Failed opening 'inlcudes/head.php' for inclusion (include_path='.;C:\\php\\pear') in D:\\scottkwdynamicweb\\Templating\\UwAmp\\UwAmp\\www\\my-app\\index.php on line 11, referer: http://localhost/
[Wed Jan 24 12:36:05.368226 2018] [:error] [pid 6944:tid 988] [client ::1:58663] PHP Stack trace:, referer: http://localhost/
[Wed Jan 24 12:36:05.368226 2018] [:error] [pid 6944:tid 988] [client ::1:58663] PHP   1. {main}() D:\\scottkwdynamicweb\\Templating\\UwAmp\\UwAmp\\www\\my-app\\index.php:0, referer: http://localhost/
[Wed Jan 24 12:36:54.732162 2018] [:error] [pid 6944:tid 996] [client ::1:58672] PHP Warning:  include(inlcudes/head.php): failed to open stream: No such file or directory in D:\\scottkwdynamicweb\\Templating\\UwAmp\\UwAmp\\www\\my-app\\index.php on line 11, referer: http://localhost/
[Wed Jan 24 12:36:54.732162 2018] [:error] [pid 6944:tid 996] [client ::1:58672] PHP Stack trace:, referer: http://localhost/
[Wed Jan 24 12:36:54.732162 2018] [:error] [pid 6944:tid 996] [client ::1:58672] PHP   1. {main}() D:\\scottkwdynamicweb\\Templating\\UwAmp\\UwAmp\\www\\my-app\\index.php:0, referer: http://localhost/
[Wed Jan 24 12:36:54.732162 2018] [:error] [pid 6944:tid 996] [client ::1:58672] PHP Warning:  include(): Failed opening 'inlcudes/head.php' for inclusion (include_path='.;C:\\php\\pear') in D:\\scottkwdynamicweb\\Templating\\UwAmp\\UwAmp\\www\\my-app\\index.php on line 11, referer: http://localhost/
[Wed Jan 24 12:36:54.732162 2018] [:error] [pid 6944:tid 996] [client ::1:58672] PHP Stack trace:, referer: http://localhost/
[Wed Jan 24 12:36:54.732162 2018] [:error] [pid 6944:tid 996] [client ::1:58672] PHP   1. {main}() D:\\scottkwdynamicweb\\Templating\\UwAmp\\UwAmp\\www\\my-app\\index.php:0, referer: http://localhost/
[Wed Jan 24 12:36:55.202209 2018] [:error] [pid 6944:tid 996] [client ::1:58672] PHP Warning:  include(inlcudes/head.php): failed to open stream: No such file or directory in D:\\scottkwdynamicweb\\Templating\\UwAmp\\UwAmp\\www\\my-app\\index.php on line 11, referer: http://localhost/
[Wed Jan 24 12:36:55.202209 2018] [:error] [pid 6944:tid 996] [client ::1:58672] PHP Stack trace:, referer: http://localhost/
[Wed Jan 24 12:36:55.202209 2018] [:error] [pid 6944:tid 996] [client ::1:58672] PHP   1. {main}() D:\\scottkwdynamicweb\\Templating\\UwAmp\\UwAmp\\www\\my-app\\index.php:0, referer: http://localhost/
[Wed Jan 24 12:36:55.202209 2018] [:error] [pid 6944:tid 996] [client ::1:58672] PHP Warning:  include(): Failed opening 'inlcudes/head.php' for inclusion (include_path='.;C:\\php\\pear') in D:\\scottkwdynamicweb\\Templating\\UwAmp\\UwAmp\\www\\my-app\\index.php on line 11, referer: http://localhost/
[Wed Jan 24 12:36:55.202209 2018] [:error] [pid 6944:tid 996] [client ::1:58672] PHP Stack trace:, referer: http://localhost/
[Wed Jan 24 12:36:55.202209 2018] [:error] [pid 6944:tid 996] [client ::1:58672] PHP   1. {main}() D:\\scottkwdynamicweb\\Templating\\UwAmp\\UwAmp\\www\\my-app\\index.php:0, referer: http://localhost/
[Wed Jan 24 12:36:55.338222 2018] [:error] [pid 6944:tid 996] [client ::1:58672] PHP Warning:  include(inlcudes/head.php): failed to open stream: No such file or directory in D:\\scottkwdynamicweb\\Templating\\UwAmp\\UwAmp\\www\\my-app\\index.php on line 11, referer: http://localhost/
[Wed Jan 24 12:36:55.338222 2018] [:error] [pid 6944:tid 996] [client ::1:58672] PHP Stack trace:, referer: http://localhost/
[Wed Jan 24 12:36:55.338222 2018] [:error] [pid 6944:tid 996] [client ::1:58672] PHP   1. {main}() D:\\scottkwdynamicweb\\Templating\\UwAmp\\UwAmp\\www\\my-app\\index.php:0, referer: http://localhost/
[Wed Jan 24 12:36:55.338222 2018] [:error] [pid 6944:tid 996] [client ::1:58672] PHP Warning:  include(): Failed opening 'inlcudes/head.php' for inclusion (include_path='.;C:\\php\\pear') in D:\\scottkwdynamicweb\\Templating\\UwAmp\\UwAmp\\www\\my-app\\index.php on line 11, referer: http://localhost/
[Wed Jan 24 12:36:55.338222 2018] [:error] [pid 6944:tid 996] [client ::1:58672] PHP Stack trace:, referer: http://localhost/
[Wed Jan 24 12:36:55.338222 2018] [:error] [pid 6944:tid 996] [client ::1:58672] PHP   1. {main}() D:\\scottkwdynamicweb\\Templating\\UwAmp\\UwAmp\\www\\my-app\\index.php:0, referer: http://localhost/
[Wed Jan 24 12:37:07.753464 2018] [:error] [pid 6944:tid 996] [client ::1:58678] PHP Warning:  include(inlcudes/head.php): failed to open stream: No such file or directory in D:\\scottkwdynamicweb\\Templating\\UwAmp\\UwAmp\\www\\my-app\\index.php on line 11, referer: http://localhost/
[Wed Jan 24 12:37:07.753464 2018] [:error] [pid 6944:tid 996] [client ::1:58678] PHP Stack trace:, referer: http://localhost/
[Wed Jan 24 12:37:07.753464 2018] [:error] [pid 6944:tid 996] [client ::1:58678] PHP   1. {main}() D:\\scottkwdynamicweb\\Templating\\UwAmp\\UwAmp\\www\\my-app\\index.php:0, referer: http://localhost/
[Wed Jan 24 12:37:07.753464 2018] [:error] [pid 6944:tid 996] [client ::1:58678] PHP Warning:  include(): Failed opening 'inlcudes/head.php' for inclusion (include_path='.;C:\\php\\pear') in D:\\scottkwdynamicweb\\Templating\\UwAmp\\UwAmp\\www\\my-app\\index.php on line 11, referer: http://localhost/
[Wed Jan 24 12:37:07.754464 2018] [:error] [pid 6944:tid 996] [client ::1:58678] PHP Stack trace:, referer: http://localhost/
[Wed Jan 24 12:37:07.754464 2018] [:error] [pid 6944:tid 996] [client ::1:58678] PHP   1. {main}() D:\\scottkwdynamicweb\\Templating\\UwAmp\\UwAmp\\www\\my-app\\index.php:0, referer: http://localhost/
[Wed Jan 24 12:37:15.335222 2018] [:error] [pid 6944:tid 996] [client ::1:58679] PHP Warning:  include(inlcudes/head.php): failed to open stream: No such file or directory in D:\\scottkwdynamicweb\\Templating\\UwAmp\\UwAmp\\www\\my-app\\index.php on line 11, referer: http://localhost/
[Wed Jan 24 12:37:15.335222 2018] [:error] [pid 6944:tid 996] [client ::1:58679] PHP Stack trace:, referer: http://localhost/
[Wed Jan 24 12:37:15.335222 2018] [:error] [pid 6944:tid 996] [client ::1:58679] PHP   1. {main}() D:\\scottkwdynamicweb\\Templating\\UwAmp\\UwAmp\\www\\my-app\\index.php:0, referer: http://localhost/
[Wed Jan 24 12:37:15.335222 2018] [:error] [pid 6944:tid 996] [client ::1:58679] PHP Warning:  include(): Failed opening 'inlcudes/head.php' for inclusion (include_path='.;C:\\php\\pear') in D:\\scottkwdynamicweb\\Templating\\UwAmp\\UwAmp\\www\\my-app\\index.php on line 11, referer: http://localhost/
[Wed Jan 24 12:37:15.335222 2018] [:error] [pid 6944:tid 996] [client ::1:58679] PHP Stack trace:, referer: http://localhost/
[Wed Jan 24 12:37:15.335222 2018] [:error] [pid 6944:tid 996] [client ::1:58679] PHP   1. {main}() D:\\scottkwdynamicweb\\Templating\\UwAmp\\UwAmp\\www\\my-app\\index.php:0, referer: http://localhost/
[Wed Jan 24 12:37:16.473336 2018] [:error] [pid 6944:tid 996] [client ::1:58679] PHP Warning:  include(inlcudes/head.php): failed to open stream: No such file or directory in D:\\scottkwdynamicweb\\Templating\\UwAmp\\UwAmp\\www\\my-app\\index.php on line 11, referer: http://localhost/my-app/
[Wed Jan 24 12:37:16.473336 2018] [:error] [pid 6944:tid 996] [client ::1:58679] PHP Stack trace:, referer: http://localhost/my-app/
[Wed Jan 24 12:37:16.473336 2018] [:error] [pid 6944:tid 996] [client ::1:58679] PHP   1. {main}() D:\\scottkwdynamicweb\\Templating\\UwAmp\\UwAmp\\www\\my-app\\index.php:0, referer: http://localhost/my-app/
[Wed Jan 24 12:37:16.473336 2018] [:error] [pid 6944:tid 996] [client ::1:58679] PHP Warning:  include(): Failed opening 'inlcudes/head.php' for inclusion (include_path='.;C:\\php\\pear') in D:\\scottkwdynamicweb\\Templating\\UwAmp\\UwAmp\\www\\my-app\\index.php on line 11, referer: http://localhost/my-app/
[Wed Jan 24 12:37:16.473336 2018] [:error] [pid 6944:tid 996] [client ::1:58679] PHP Stack trace:, referer: http://localhost/my-app/
[Wed Jan 24 12:37:16.473336 2018] [:error] [pid 6944:tid 996] [client ::1:58679] PHP   1. {main}() D:\\scottkwdynamicweb\\Templating\\UwAmp\\UwAmp\\www\\my-app\\index.php:0, referer: http://localhost/my-app/
[Wed Jan 24 12:37:17.574446 2018] [:error] [pid 6944:tid 996] [client ::1:58679] PHP Warning:  include(inlcudes/head.php): failed to open stream: No such file or directory in D:\\scottkwdynamicweb\\Templating\\UwAmp\\UwAmp\\www\\my-app\\index.php on line 11, referer: http://localhost/my-app/
[Wed Jan 24 12:37:17.574446 2018] [:error] [pid 6944:tid 996] [client ::1:58679] PHP Stack trace:, referer: http://localhost/my-app/
[Wed Jan 24 12:37:17.574446 2018] [:error] [pid 6944:tid 996] [client ::1:58679] PHP   1. {main}() D:\\scottkwdynamicweb\\Templating\\UwAmp\\UwAmp\\www\\my-app\\index.php:0, referer: http://localhost/my-app/
[Wed Jan 24 12:37:17.574446 2018] [:error] [pid 6944:tid 996] [client ::1:58679] PHP Warning:  include(): Failed opening 'inlcudes/head.php' for inclusion (include_path='.;C:\\php\\pear') in D:\\scottkwdynamicweb\\Templating\\UwAmp\\UwAmp\\www\\my-app\\index.php on line 11, referer: http://localhost/my-app/
[Wed Jan 24 12:37:17.574446 2018] [:error] [pid 6944:tid 996] [client ::1:58679] PHP Stack trace:, referer: http://localhost/my-app/
[Wed Jan 24 12:37:17.574446 2018] [:error] [pid 6944:tid 996] [client ::1:58679] PHP   1. {main}() D:\\scottkwdynamicweb\\Templating\\UwAmp\\UwAmp\\www\\my-app\\index.php:0, referer: http://localhost/my-app/
[Wed Jan 24 12:37:17.905479 2018] [:error] [pid 6944:tid 996] [client ::1:58679] PHP Warning:  include(inlcudes/head.php): failed to open stream: No such file or directory in D:\\scottkwdynamicweb\\Templating\\UwAmp\\UwAmp\\www\\my-app\\index.php on line 11, referer: http://localhost/my-app/
[Wed Jan 24 12:37:17.905479 2018] [:error] [pid 6944:tid 996] [client ::1:58679] PHP Stack trace:, referer: http://localhost/my-app/
[Wed Jan 24 12:37:17.905479 2018] [:error] [pid 6944:tid 996] [client ::1:58679] PHP   1. {main}() D:\\scottkwdynamicweb\\Templating\\UwAmp\\UwAmp\\www\\my-app\\index.php:0, referer: http://localhost/my-app/
[Wed Jan 24 12:37:17.905479 2018] [:error] [pid 6944:tid 996] [client ::1:58679] PHP Warning:  include(): Failed opening 'inlcudes/head.php' for inclusion (include_path='.;C:\\php\\pear') in D:\\scottkwdynamicweb\\Templating\\UwAmp\\UwAmp\\www\\my-app\\index.php on line 11, referer: http://localhost/my-app/
[Wed Jan 24 12:37:17.905479 2018] [:error] [pid 6944:tid 996] [client ::1:58679] PHP Stack trace:, referer: http://localhost/my-app/
[Wed Jan 24 12:37:17.905479 2018] [:error] [pid 6944:tid 996] [client ::1:58679] PHP   1. {main}() D:\\scottkwdynamicweb\\Templating\\UwAmp\\UwAmp\\www\\my-app\\index.php:0, referer: http://localhost/my-app/
[Wed Jan 24 12:37:18.041493 2018] [:error] [pid 6944:tid 996] [client ::1:58679] PHP Warning:  include(inlcudes/head.php): failed to open stream: No such file or directory in D:\\scottkwdynamicweb\\Templating\\UwAmp\\UwAmp\\www\\my-app\\index.php on line 11, referer: http://localhost/my-app/
[Wed Jan 24 12:37:18.041493 2018] [:error] [pid 6944:tid 996] [client ::1:58679] PHP Stack trace:, referer: http://localhost/my-app/
[Wed Jan 24 12:37:18.041493 2018] [:error] [pid 6944:tid 996] [client ::1:58679] PHP   1. {main}() D:\\scottkwdynamicweb\\Templating\\UwAmp\\UwAmp\\www\\my-app\\index.php:0, referer: http://localhost/my-app/
[Wed Jan 24 12:37:18.041493 2018] [:error] [pid 6944:tid 996] [client ::1:58679] PHP Warning:  include(): Failed opening 'inlcudes/head.php' for inclusion (include_path='.;C:\\php\\pear') in D:\\scottkwdynamicweb\\Templating\\UwAmp\\UwAmp\\www\\my-app\\index.php on line 11, referer: http://localhost/my-app/
[Wed Jan 24 12:37:18.041493 2018] [:error] [pid 6944:tid 996] [client ::1:58679] PHP Stack trace:, referer: http://localhost/my-app/
[Wed Jan 24 12:37:18.041493 2018] [:error] [pid 6944:tid 996] [client ::1:58679] PHP   1. {main}() D:\\scottkwdynamicweb\\Templating\\UwAmp\\UwAmp\\www\\my-app\\index.php:0, referer: http://localhost/my-app/
[Wed Jan 24 12:37:18.161505 2018] [:error] [pid 6944:tid 996] [client ::1:58679] PHP Warning:  include(inlcudes/head.php): failed to open stream: No such file or directory in D:\\scottkwdynamicweb\\Templating\\UwAmp\\UwAmp\\www\\my-app\\index.php on line 11, referer: http://localhost/my-app/
[Wed Jan 24 12:37:18.161505 2018] [:error] [pid 6944:tid 996] [client ::1:58679] PHP Stack trace:, referer: http://localhost/my-app/
[Wed Jan 24 12:37:18.161505 2018] [:error] [pid 6944:tid 996] [client ::1:58679] PHP   1. {main}() D:\\scottkwdynamicweb\\Templating\\UwAmp\\UwAmp\\www\\my-app\\index.php:0, referer: http://localhost/my-app/
[Wed Jan 24 12:37:18.161505 2018] [:error] [pid 6944:tid 996] [client ::1:58679] PHP Warning:  include(): Failed opening 'inlcudes/head.php' for inclusion (include_path='.;C:\\php\\pear') in D:\\scottkwdynamicweb\\Templating\\UwAmp\\UwAmp\\www\\my-app\\index.php on line 11, referer: http://localhost/my-app/
[Wed Jan 24 12:37:18.161505 2018] [:error] [pid 6944:tid 996] [client ::1:58679] PHP Stack trace:, referer: http://localhost/my-app/
[Wed Jan 24 12:37:18.161505 2018] [:error] [pid 6944:tid 996] [client ::1:58679] PHP   1. {main}() D:\\scottkwdynamicweb\\Templating\\UwAmp\\UwAmp\\www\\my-app\\index.php:0, referer: http://localhost/my-app/
[Wed Jan 24 12:37:18.330521 2018] [:error] [pid 6944:tid 996] [client ::1:58679] PHP Warning:  include(inlcudes/head.php): failed to open stream: No such file or directory in D:\\scottkwdynamicweb\\Templating\\UwAmp\\UwAmp\\www\\my-app\\index.php on line 11, referer: http://localhost/my-app/
[Wed Jan 24 12:37:18.330521 2018] [:error] [pid 6944:tid 996] [client ::1:58679] PHP Stack trace:, referer: http://localhost/my-app/
[Wed Jan 24 12:37:18.331522 2018] [:error] [pid 6944:tid 996] [client ::1:58679] PHP   1. {main}() D:\\scottkwdynamicweb\\Templating\\UwAmp\\UwAmp\\www\\my-app\\index.php:0, referer: http://localhost/my-app/
[Wed Jan 24 12:37:18.331522 2018] [:error] [pid 6944:tid 996] [client ::1:58679] PHP Warning:  include(): Failed opening 'inlcudes/head.php' for inclusion (include_path='.;C:\\php\\pear') in D:\\scottkwdynamicweb\\Templating\\UwAmp\\UwAmp\\www\\my-app\\index.php on line 11, referer: http://localhost/my-app/
[Wed Jan 24 12:37:18.331522 2018] [:error] [pid 6944:tid 996] [client ::1:58679] PHP Stack trace:, referer: http://localhost/my-app/
[Wed Jan 24 12:37:18.331522 2018] [:error] [pid 6944:tid 996] [client ::1:58679] PHP   1. {main}() D:\\scottkwdynamicweb\\Templating\\UwAmp\\UwAmp\\www\\my-app\\index.php:0, referer: http://localhost/my-app/
[Wed Jan 24 12:37:18.519540 2018] [:error] [pid 6944:tid 996] [client ::1:58679] PHP Warning:  include(inlcudes/head.php): failed to open stream: No such file or directory in D:\\scottkwdynamicweb\\Templating\\UwAmp\\UwAmp\\www\\my-app\\index.php on line 11, referer: http://localhost/my-app/
[Wed Jan 24 12:37:18.519540 2018] [:error] [pid 6944:tid 996] [client ::1:58679] PHP Stack trace:, referer: http://localhost/my-app/
[Wed Jan 24 12:37:18.519540 2018] [:error] [pid 6944:tid 996] [client ::1:58679] PHP   1. {main}() D:\\scottkwdynamicweb\\Templating\\UwAmp\\UwAmp\\www\\my-app\\index.php:0, referer: http://localhost/my-app/
[Wed Jan 24 12:37:18.519540 2018] [:error] [pid 6944:tid 996] [client ::1:58679] PHP Warning:  include(): Failed opening 'inlcudes/head.php' for inclusion (include_path='.;C:\\php\\pear') in D:\\scottkwdynamicweb\\Templating\\UwAmp\\UwAmp\\www\\my-app\\index.php on line 11, referer: http://localhost/my-app/
[Wed Jan 24 12:37:18.520540 2018] [:error] [pid 6944:tid 996] [client ::1:58679] PHP Stack trace:, referer: http://localhost/my-app/
[Wed Jan 24 12:37:18.520540 2018] [:error] [pid 6944:tid 996] [client ::1:58679] PHP   1. {main}() D:\\scottkwdynamicweb\\Templating\\UwAmp\\UwAmp\\www\\my-app\\index.php:0, referer: http://localhost/my-app/
[Wed Jan 24 12:37:35.664255 2018] [mpm_winnt:crit] [pid 6944:tid 248] AH02538: Child: Parent process exited abruptly. Child process is ending
[Wed Jan 24 12:37:55.049193 2018] [ssl:warn] [pid 3460:tid 236] AH01906: main-serveur:443:0 server certificate is a CA certificate (BasicConstraints: CA == TRUE !?)
[Wed Jan 24 12:37:55.049193 2018] [ssl:warn] [pid 3460:tid 236] AH01909: main-serveur:443:0 server certificate does NOT include an ID which matches the server name
[Wed Jan 24 12:37:55.244212 2018] [core:warn] [pid 3460:tid 236] AH00098: pid file D:/scottkwdynamicweb/Templating/UwAmp/UwAmp/bin/apache/logs/httpd.pid overwritten -- Unclean shutdown of previous Apache run?
[Wed Jan 24 12:37:55.442232 2018] [ssl:warn] [pid 3460:tid 236] AH01873: Init: Session Cache is not configured [hint: SSLSessionCache]
[Wed Jan 24 12:37:55.443232 2018] [ssl:warn] [pid 3460:tid 236] AH01906: main-serveur:443:0 server certificate is a CA certificate (BasicConstraints: CA == TRUE !?)
[Wed Jan 24 12:37:55.443232 2018] [ssl:warn] [pid 3460:tid 236] AH01909: main-serveur:443:0 server certificate does NOT include an ID which matches the server name
[Wed Jan 24 12:37:55.482236 2018] [mpm_winnt:notice] [pid 3460:tid 236] AH00455: Apache/2.4.18 (Win32) OpenSSL/1.0.2f PHP/5.6.18 configured -- resuming normal operations
[Wed Jan 24 12:37:55.482236 2018] [mpm_winnt:notice] [pid 3460:tid 236] AH00456: Server built: Jan 28 2016 09:58:25
[Wed Jan 24 12:37:55.482236 2018] [core:notice] [pid 3460:tid 236] AH00094: Command line: 'D:\\scottkwdynamicweb\\Templating\\UwAmp\\UwAmp\\bin\\apache\\bin\\httpd.exe -d D:/scottkwdynamicweb/Templating/UwAmp/UwAmp/bin/apache -f D:\\scottkwdynamicweb\\Templating\\UwAmp\\UwAmp\\bin\\apache\\conf\\httpd.conf'
[Wed Jan 24 12:37:55.509239 2018] [mpm_winnt:notice] [pid 3460:tid 236] AH00418: Parent: Created child process 1456
[Wed Jan 24 12:37:56.215310 2018] [ssl:warn] [pid 1456:tid 248] AH01906: main-serveur:443:0 server certificate is a CA certificate (BasicConstraints: CA == TRUE !?)
[Wed Jan 24 12:37:56.216310 2018] [ssl:warn] [pid 1456:tid 248] AH01909: main-serveur:443:0 server certificate does NOT include an ID which matches the server name
[Wed Jan 24 12:37:56.532341 2018] [ssl:warn] [pid 1456:tid 248] AH01873: Init: Session Cache is not configured [hint: SSLSessionCache]
[Wed Jan 24 12:37:56.533341 2018] [ssl:warn] [pid 1456:tid 248] AH01906: main-serveur:443:0 server certificate is a CA certificate (BasicConstraints: CA == TRUE !?)
[Wed Jan 24 12:37:56.533341 2018] [ssl:warn] [pid 1456:tid 248] AH01909: main-serveur:443:0 server certificate does NOT include an ID which matches the server name
[Wed Jan 24 12:37:56.559344 2018] [mpm_winnt:notice] [pid 1456:tid 248] AH00354: Child: Starting 64 worker threads.
[Wed Jan 24 12:38:01.529841 2018] [:error] [pid 1456:tid 1004] [client ::1:58693] PHP Warning:  include(inlcudes/head.php): failed to open stream: No such file or directory in D:\\scottkwdynamicweb\\Templating\\UwAmp\\UwAmp\\www\\my-app\\index.php on line 11, referer: http://localhost/
[Wed Jan 24 12:38:01.529841 2018] [:error] [pid 1456:tid 1004] [client ::1:58693] PHP Stack trace:, referer: http://localhost/
[Wed Jan 24 12:38:01.529841 2018] [:error] [pid 1456:tid 1004] [client ::1:58693] PHP   1. {main}() D:\\scottkwdynamicweb\\Templating\\UwAmp\\UwAmp\\www\\my-app\\index.php:0, referer: http://localhost/
[Wed Jan 24 12:38:01.529841 2018] [:error] [pid 1456:tid 1004] [client ::1:58693] PHP Warning:  include(): Failed opening 'inlcudes/head.php' for inclusion (include_path='.;C:\\php\\pear') in D:\\scottkwdynamicweb\\Templating\\UwAmp\\UwAmp\\www\\my-app\\index.php on line 11, referer: http://localhost/
[Wed Jan 24 12:38:01.529841 2018] [:error] [pid 1456:tid 1004] [client ::1:58693] PHP Stack trace:, referer: http://localhost/
[Wed Jan 24 12:38:01.529841 2018] [:error] [pid 1456:tid 1004] [client ::1:58693] PHP   1. {main}() D:\\scottkwdynamicweb\\Templating\\UwAmp\\UwAmp\\www\\my-app\\index.php:0, referer: http://localhost/
[Wed Jan 24 12:40:21.114798 2018] [:error] [pid 1456:tid 1004] [client ::1:58707] PHP Warning:  include(inlcudes/head.php): failed to open stream: No such file or directory in D:\\scottkwdynamicweb\\Templating\\UwAmp\\UwAmp\\www\\my-app\\index.php on line 11, referer: http://localhost/
[Wed Jan 24 12:40:21.114798 2018] [:error] [pid 1456:tid 1004] [client ::1:58707] PHP Stack trace:, referer: http://localhost/
[Wed Jan 24 12:40:21.114798 2018] [:error] [pid 1456:tid 1004] [client ::1:58707] PHP   1. {main}() D:\\scottkwdynamicweb\\Templating\\UwAmp\\UwAmp\\www\\my-app\\index.php:0, referer: http://localhost/
[Wed Jan 24 12:40:21.114798 2018] [:error] [pid 1456:tid 1004] [client ::1:58707] PHP Warning:  include(): Failed opening 'inlcudes/head.php' for inclusion (include_path='.;C:\\php\\pear') in D:\\scottkwdynamicweb\\Templating\\UwAmp\\UwAmp\\www\\my-app\\index.php on line 11, referer: http://localhost/
[Wed Jan 24 12:40:21.115798 2018] [:error] [pid 1456:tid 1004] [client ::1:58707] PHP Stack trace:, referer: http://localhost/
[Wed Jan 24 12:40:21.115798 2018] [:error] [pid 1456:tid 1004] [client ::1:58707] PHP   1. {main}() D:\\scottkwdynamicweb\\Templating\\UwAmp\\UwAmp\\www\\my-app\\index.php:0, referer: http://localhost/
[Wed Jan 24 12:40:21.784865 2018] [:error] [pid 1456:tid 1004] [client ::1:58707] PHP Warning:  include(inlcudes/head.php): failed to open stream: No such file or directory in D:\\scottkwdynamicweb\\Templating\\UwAmp\\UwAmp\\www\\my-app\\index.php on line 11, referer: http://localhost/
[Wed Jan 24 12:40:21.784865 2018] [:error] [pid 1456:tid 1004] [client ::1:58707] PHP Stack trace:, referer: http://localhost/
[Wed Jan 24 12:40:21.784865 2018] [:error] [pid 1456:tid 1004] [client ::1:58707] PHP   1. {main}() D:\\scottkwdynamicweb\\Templating\\UwAmp\\UwAmp\\www\\my-app\\index.php:0, referer: http://localhost/
[Wed Jan 24 12:40:21.784865 2018] [:error] [pid 1456:tid 1004] [client ::1:58707] PHP Warning:  include(): Failed opening 'inlcudes/head.php' for inclusion (include_path='.;C:\\php\\pear') in D:\\scottkwdynamicweb\\Templating\\UwAmp\\UwAmp\\www\\my-app\\index.php on line 11, referer: http://localhost/
[Wed Jan 24 12:40:21.784865 2018] [:error] [pid 1456:tid 1004] [client ::1:58707] PHP Stack trace:, referer: http://localhost/
[Wed Jan 24 12:40:21.784865 2018] [:error] [pid 1456:tid 1004] [client ::1:58707] PHP   1. {main}() D:\\scottkwdynamicweb\\Templating\\UwAmp\\UwAmp\\www\\my-app\\index.php:0, referer: http://localhost/
[Wed Jan 24 12:40:21.920879 2018] [:error] [pid 1456:tid 1004] [client ::1:58707] PHP Warning:  include(inlcudes/head.php): failed to open stream: No such file or directory in D:\\scottkwdynamicweb\\Templating\\UwAmp\\UwAmp\\www\\my-app\\index.php on line 11, referer: http://localhost/
[Wed Jan 24 12:40:21.920879 2018] [:error] [pid 1456:tid 1004] [client ::1:58707] PHP Stack trace:, referer: http://localhost/
[Wed Jan 24 12:40:21.920879 2018] [:error] [pid 1456:tid 1004] [client ::1:58707] PHP   1. {main}() D:\\scottkwdynamicweb\\Templating\\UwAmp\\UwAmp\\www\\my-app\\index.php:0, referer: http://localhost/
[Wed Jan 24 12:40:21.920879 2018] [:error] [pid 1456:tid 1004] [client ::1:58707] PHP Warning:  include(): Failed opening 'inlcudes/head.php' for inclusion (include_path='.;C:\\php\\pear') in D:\\scottkwdynamicweb\\Templating\\UwAmp\\UwAmp\\www\\my-app\\index.php on line 11, referer: http://localhost/
[Wed Jan 24 12:40:21.920879 2018] [:error] [pid 1456:tid 1004] [client ::1:58707] PHP Stack trace:, referer: http://localhost/
[Wed Jan 24 12:40:21.920879 2018] [:error] [pid 1456:tid 1004] [client ::1:58707] PHP   1. {main}() D:\\scottkwdynamicweb\\Templating\\UwAmp\\UwAmp\\www\\my-app\\index.php:0, referer: http://localhost/
[Sat Jan 27 11:14:24.455699 2018] [ssl:warn] [pid 10076:tid 236] AH01906: main-serveur:443:0 server certificate is a CA certificate (BasicConstraints: CA == TRUE !?)
[Sat Jan 27 11:14:24.455699 2018] [ssl:warn] [pid 10076:tid 236] AH01909: main-serveur:443:0 server certificate does NOT include an ID which matches the server name
[Sat Jan 27 11:14:24.618715 2018] [core:warn] [pid 10076:tid 236] AH00098: pid file D:/scottkwdynamicweb/Templating/UwAmp/UwAmp/bin/apache/logs/httpd.pid overwritten -- Unclean shutdown of previous Apache run?
[Sat Jan 27 11:14:24.816735 2018] [ssl:warn] [pid 10076:tid 236] AH01873: Init: Session Cache is not configured [hint: SSLSessionCache]
[Sat Jan 27 11:14:24.817735 2018] [ssl:warn] [pid 10076:tid 236] AH01906: main-serveur:443:0 server certificate is a CA certificate (BasicConstraints: CA == TRUE !?)
[Sat Jan 27 11:14:24.817735 2018] [ssl:warn] [pid 10076:tid 236] AH01909: main-serveur:443:0 server certificate does NOT include an ID which matches the server name
[Sat Jan 27 11:14:25.383791 2018] [mpm_winnt:notice] [pid 10076:tid 236] AH00455: Apache/2.4.18 (Win32) OpenSSL/1.0.2f PHP/5.6.18 configured -- resuming normal operations
[Sat Jan 27 11:14:25.384792 2018] [mpm_winnt:notice] [pid 10076:tid 236] AH00456: Server built: Jan 28 2016 09:58:25
[Sat Jan 27 11:14:25.384792 2018] [core:notice] [pid 10076:tid 236] AH00094: Command line: 'D:\\scottkwdynamicweb\\Templating\\UwAmp\\UwAmp\\bin\\apache\\bin\\httpd.exe -d D:/scottkwdynamicweb/Templating/UwAmp/UwAmp/bin/apache -f D:\\scottkwdynamicweb\\Templating\\UwAmp\\UwAmp\\bin\\apache\\conf\\httpd.conf'
[Sat Jan 27 11:14:25.402793 2018] [mpm_winnt:notice] [pid 10076:tid 236] AH00418: Parent: Created child process 8096
[Sat Jan 27 11:14:26.238877 2018] [ssl:warn] [pid 8096:tid 248] AH01906: main-serveur:443:0 server certificate is a CA certificate (BasicConstraints: CA == TRUE !?)
[Sat Jan 27 11:14:26.239877 2018] [ssl:warn] [pid 8096:tid 248] AH01909: main-serveur:443:0 server certificate does NOT include an ID which matches the server name
[Sat Jan 27 11:14:26.545908 2018] [ssl:warn] [pid 8096:tid 248] AH01873: Init: Session Cache is not configured [hint: SSLSessionCache]
[Sat Jan 27 11:14:26.546908 2018] [ssl:warn] [pid 8096:tid 248] AH01906: main-serveur:443:0 server certificate is a CA certificate (BasicConstraints: CA == TRUE !?)
[Sat Jan 27 11:14:26.546908 2018] [ssl:warn] [pid 8096:tid 248] AH01909: main-serveur:443:0 server certificate does NOT include an ID which matches the server name
[Sat Jan 27 11:14:26.580911 2018] [mpm_winnt:notice] [pid 8096:tid 248] AH00354: Child: Starting 64 worker threads.
[Sat Jan 27 20:10:32.408710 2018] [mpm_winnt:notice] [pid 10076:tid 236] AH00428: Parent: child process 8096 exited with status 1073807364 -- Restarting.
[Sun Jan 28 11:59:38.677807 2018] [ssl:warn] [pid 2060:tid 236] AH01906: main-serveur:443:0 server certificate is a CA certificate (BasicConstraints: CA == TRUE !?)
[Sun Jan 28 11:59:38.677807 2018] [ssl:warn] [pid 2060:tid 236] AH01909: main-serveur:443:0 server certificate does NOT include an ID which matches the server name
[Sun Jan 28 11:59:39.348607 2018] [core:warn] [pid 2060:tid 236] AH00098: pid file D:/scottkwdynamicweb/Templating/UwAmp/UwAmp/bin/apache/logs/httpd.pid overwritten -- Unclean shutdown of previous Apache run?
[Sun Jan 28 11:59:39.567007 2018] [ssl:warn] [pid 2060:tid 236] AH01873: Init: Session Cache is not configured [hint: SSLSessionCache]
[Sun Jan 28 11:59:39.567007 2018] [ssl:warn] [pid 2060:tid 236] AH01906: main-serveur:443:0 server certificate is a CA certificate (BasicConstraints: CA == TRUE !?)
[Sun Jan 28 11:59:39.567007 2018] [ssl:warn] [pid 2060:tid 236] AH01909: main-serveur:443:0 server certificate does NOT include an ID which matches the server name
[Sun Jan 28 12:00:09.353207 2018] [mpm_winnt:notice] [pid 2060:tid 236] AH00455: Apache/2.4.18 (Win32) OpenSSL/1.0.2f PHP/5.6.18 configured -- resuming normal operations
[Sun Jan 28 12:00:09.353207 2018] [mpm_winnt:notice] [pid 2060:tid 236] AH00456: Server built: Jan 28 2016 09:58:25
[Sun Jan 28 12:00:09.353207 2018] [core:notice] [pid 2060:tid 236] AH00094: Command line: 'D:\\scottkwdynamicweb\\Templating\\UwAmp\\UwAmp\\bin\\apache\\bin\\httpd.exe -d D:/scottkwdynamicweb/Templating/UwAmp/UwAmp/bin/apache -f D:\\scottkwdynamicweb\\Templating\\UwAmp\\UwAmp\\bin\\apache\\conf\\httpd.conf'
[Sun Jan 28 12:00:09.377207 2018] [mpm_winnt:notice] [pid 2060:tid 236] AH00418: Parent: Created child process 6892
[Sun Jan 28 12:00:10.155207 2018] [ssl:warn] [pid 6892:tid 248] AH01906: main-serveur:443:0 server certificate is a CA certificate (BasicConstraints: CA == TRUE !?)
[Sun Jan 28 12:00:10.155207 2018] [ssl:warn] [pid 6892:tid 248] AH01909: main-serveur:443:0 server certificate does NOT include an ID which matches the server name
[Sun Jan 28 12:00:10.495207 2018] [ssl:warn] [pid 6892:tid 248] AH01873: Init: Session Cache is not configured [hint: SSLSessionCache]
[Sun Jan 28 12:00:10.496207 2018] [ssl:warn] [pid 6892:tid 248] AH01906: main-serveur:443:0 server certificate is a CA certificate (BasicConstraints: CA == TRUE !?)
[Sun Jan 28 12:00:10.496207 2018] [ssl:warn] [pid 6892:tid 248] AH01909: main-serveur:443:0 server certificate does NOT include an ID which matches the server name
[Sun Jan 28 12:00:10.564207 2018] [mpm_winnt:notice] [pid 6892:tid 248] AH00354: Child: Starting 64 worker threads.
[Sun Jan 28 22:59:07.635585 2018] [mpm_winnt:notice] [pid 2060:tid 236] AH00428: Parent: child process 6892 exited with status 1073807364 -- Restarting.
[Sun Jan 28 23:02:18.079435 2018] [ssl:warn] [pid 7972:tid 236] AH01906: main-serveur:443:0 server certificate is a CA certificate (BasicConstraints: CA == TRUE !?)
[Sun Jan 28 23:02:18.079435 2018] [ssl:warn] [pid 7972:tid 236] AH01909: main-serveur:443:0 server certificate does NOT include an ID which matches the server name
[Sun Jan 28 23:02:18.672284 2018] [core:warn] [pid 7972:tid 236] AH00098: pid file D:/scottkwdynamicweb/Templating/UwAmp/UwAmp/bin/apache/logs/httpd.pid overwritten -- Unclean shutdown of previous Apache run?
[Sun Jan 28 23:02:18.843899 2018] [ssl:warn] [pid 7972:tid 236] AH01873: Init: Session Cache is not configured [hint: SSLSessionCache]
[Sun Jan 28 23:02:18.843899 2018] [ssl:warn] [pid 7972:tid 236] AH01906: main-serveur:443:0 server certificate is a CA certificate (BasicConstraints: CA == TRUE !?)
[Sun Jan 28 23:02:18.843899 2018] [ssl:warn] [pid 7972:tid 236] AH01909: main-serveur:443:0 server certificate does NOT include an ID which matches the server name
[Sun Jan 28 23:02:47.971020 2018] [mpm_winnt:notice] [pid 7972:tid 236] AH00455: Apache/2.4.18 (Win32) OpenSSL/1.0.2f PHP/5.6.18 configured -- resuming normal operations
[Sun Jan 28 23:02:47.971020 2018] [mpm_winnt:notice] [pid 7972:tid 236] AH00456: Server built: Jan 28 2016 09:58:25
[Sun Jan 28 23:02:47.971020 2018] [core:notice] [pid 7972:tid 236] AH00094: Command line: 'D:\\scottkwdynamicweb\\Templating\\UwAmp\\UwAmp\\bin\\apache\\bin\\httpd.exe -d D:/scottkwdynamicweb/Templating/UwAmp/UwAmp/bin/apache -f D:\\scottkwdynamicweb\\Templating\\UwAmp\\UwAmp\\bin\\apache\\conf\\httpd.conf'
[Sun Jan 28 23:02:48.004024 2018] [mpm_winnt:notice] [pid 7972:tid 236] AH00418: Parent: Created child process 14548
[Sun Jan 28 23:02:48.865110 2018] [ssl:warn] [pid 14548:tid 248] AH01906: main-serveur:443:0 server certificate is a CA certificate (BasicConstraints: CA == TRUE !?)
[Sun Jan 28 23:02:48.866110 2018] [ssl:warn] [pid 14548:tid 248] AH01909: main-serveur:443:0 server certificate does NOT include an ID which matches the server name
